#
# There is insufficient memory for the Java Runtime Environment to continue.
# Native memory allocation (mmap) failed to map 65536 bytes. Error detail: Failed to commit metaspace.
# Possible reasons:
#   The system is out of physical RAM or swap space
#   This process is running with CompressedOops enabled, and the Java Heap may be blocking the growth of the native heap
# Possible solutions:
#   Reduce memory load on the system
#   Increase physical memory or swap space
#   Check if swap backing store is full
#   Decrease Java heap size (-Xmx/-Xms)
#   Decrease number of Java threads
#   Decrease Java thread stack sizes (-Xss)
#   Set larger code cache with -XX:ReservedCodeCacheSize=
#   JVM is running with Unscaled Compressed Oops mode in which the Java heap is
#     placed in the first 4GB address space. The Java Heap base address is the
#     maximum limit for the native heap growth. Please use -XX:HeapBaseMinAddress
#     to set the Java Heap base and to place the Java Heap above 4GB virtual address.
# This output file may be truncated or incomplete.
#
#  Out of Memory Error (virtualSpaceNode.cpp:113), pid=20828, tid=920
#
# JRE version: OpenJDK Runtime Environment (23.0.1+11) (build 23.0.1+11-39)
# Java VM: OpenJDK 64-Bit Server VM (23.0.1+11-39, mixed mode, emulated-client, sharing, tiered, compressed oops, compressed class ptrs, g1 gc, windows-amd64)
# No core dump will be written. Minidumps are not enabled by default on client versions of Windows
#

---------------  S U M M A R Y ------------

Command Line: -XX:TieredStopAtLevel=1 -Dspring.output.ansi.enabled=always -Dcom.sun.management.jmxremote -Dspring.jmx.enabled=true -Dspring.liveBeansView.mbeanDomain -Dspring.application.admin.enabled=true -Dmanagement.endpoints.jmx.exposure.include=* -javaagent:C:\Program Files\JetBrains\IntelliJ IDEA 2024.3.1\lib\idea_rt.jar=51272:C:\Program Files\JetBrains\IntelliJ IDEA 2024.3.1\bin -Dfile.encoding=UTF-8 -Dsun.stdout.encoding=UTF-8 -Dsun.stderr.encoding=UTF-8 com.l.libsys.LibsysApplication

Host: Intel(R) Core(TM) i3-7020U CPU @ 2.30GHz, 4 cores, 3G,  Windows 10 , 64 bit Build 19041 (10.0.19041.5198)
Time: Mon Dec 30 16:34:34 2024 Sri Lanka Standard Time elapsed time: 5.807478 seconds (0d 0h 0m 5s)

---------------  T H R E A D  ---------------

Current thread (0x00000237466b2d70):  JavaThread "background-preinit"        [_thread_in_vm, id=920, stack(0x0000004db5800000,0x0000004db5900000) (1024K)]

Stack: [0x0000004db5800000,0x0000004db5900000]
Native frames: (J=compiled Java code, j=interpreted, Vv=VM code, C=native code)
V  [jvm.dll+0x6e08b9]  (no source info available)
V  [jvm.dll+0x87dc83]  (no source info available)
V  [jvm.dll+0x88010e]  (no source info available)
V  [jvm.dll+0x8807e3]  (no source info available)
V  [jvm.dll+0x27aee6]  (no source info available)
V  [jvm.dll+0x87988e]  (no source info available)
V  [jvm.dll+0x682035]  (no source info available)
V  [jvm.dll+0x1e09dc]  (no source info available)
V  [jvm.dll+0x1e07ae]  (no source info available)
V  [jvm.dll+0x684988]  (no source info available)
V  [jvm.dll+0x2219dc]  (no source info available)
V  [jvm.dll+0x682a4e]  (no source info available)
V  [jvm.dll+0x3bbfff]  (no source info available)
V  [jvm.dll+0x209ffb]  (no source info available)
V  [jvm.dll+0x5be709]  (no source info available)
V  [jvm.dll+0x7f3ad6]  (no source info available)
V  [jvm.dll+0x475cf6]  (no source info available)
V  [jvm.dll+0x47bb98]  (no source info available)
C  [java.dll+0x17d4]  (no source info available)
C  0x00000237651d917c  (no source info available)

The last pc belongs to native nmethod (printed below).
Java frames: (J=compiled Java code, j=interpreted, Vv=VM code)
J 1515  java.lang.ClassLoader.defineClass1(Ljava/lang/ClassLoader;Ljava/lang/String;[BIILjava/security/ProtectionDomain;Ljava/lang/String;)Ljava/lang/Class; java.base@23.0.1 (0 bytes) @ 0x00000237651d90e1 [0x00000237651d9020+0x00000000000000c1]
J 1654 c1 java.lang.ClassLoader.defineClass(Ljava/lang/String;[BIILjava/security/ProtectionDomain;)Ljava/lang/Class; java.base@23.0.1 (43 bytes) @ 0x000002376520e9fc [0x000002376520e8e0+0x000000000000011c]
J 1655 c1 jdk.internal.loader.BuiltinClassLoader.defineClass(Ljava/lang/String;Ljdk/internal/loader/Resource;)Ljava/lang/Class; java.base@23.0.1 (121 bytes) @ 0x000002376520f66c [0x000002376520f0c0+0x00000000000005ac]
J 1642 c1 jdk.internal.loader.BuiltinClassLoader.findClassOnClassPathOrNull(Ljava/lang/String;)Ljava/lang/Class; java.base@23.0.1 (64 bytes) @ 0x000002376520a62c [0x000002376520a360+0x00000000000002cc]
J 1429 c1 jdk.internal.loader.BuiltinClassLoader.loadClassOrNull(Ljava/lang/String;Z)Ljava/lang/Class; java.base@23.0.1 (143 bytes) @ 0x00000237651bb204 [0x00000237651bade0+0x0000000000000424]
J 1530 c1 jdk.internal.loader.ClassLoaders$AppClassLoader.loadClass(Ljava/lang/String;Z)Ljava/lang/Class; java.base@23.0.1 (40 bytes) @ 0x00000237651deb0c [0x00000237651deac0+0x000000000000004c]
J 1527 c1 java.lang.ClassLoader.loadClass(Ljava/lang/String;)Ljava/lang/Class; java.base@23.0.1 (7 bytes) @ 0x00000237651de1f4 [0x00000237651de1a0+0x0000000000000054]
v  ~StubRoutines::call_stub 0x0000023764e70fcd
j  com.fasterxml.jackson.databind.ObjectMapper.<init>(Lcom/fasterxml/jackson/core/JsonFactory;Lcom/fasterxml/jackson/databind/ser/DefaultSerializerProvider;Lcom/fasterxml/jackson/databind/deser/DefaultDeserializationContext;)V+260
j  com.fasterxml.jackson.databind.ObjectMapper.<init>()V+4
j  org.springframework.http.converter.json.Jackson2ObjectMapperBuilder.build()Lcom/fasterxml/jackson/databind/ObjectMapper;+81
j  org.springframework.http.converter.json.MappingJackson2HttpMessageConverter.<init>()V+4
j  org.springframework.http.converter.support.AllEncompassingFormHttpMessageConverter.<init>()V+55
j  org.springframework.boot.autoconfigure.BackgroundPreinitializer$MessageConverterInitializer.run()V+4
j  org.springframework.boot.autoconfigure.BackgroundPreinitializer$1.runSafely(Ljava/lang/Runnable;)Z+1
j  org.springframework.boot.autoconfigure.BackgroundPreinitializer$1.run()V+32
j  java.lang.Thread.runWith(Ljava/lang/Object;Ljava/lang/Runnable;)V+5 java.base@23.0.1
j  java.lang.Thread.run()V+19 java.base@23.0.1
v  ~StubRoutines::call_stub 0x0000023764e70fcd
Lock stack of current Java thread (top to bottom):
LockStack[1]: java.lang.Object 
{0x00000000c4c3c620} - klass: 'java/lang/Object'
 - ---- fields (total size 2 words):
LockStack[0]: [I 
{0x00000000c3b82a20} - klass: {type array int}
 - length: 0


Compiled method (n/a) 6068 1515     n 0       java.lang.ClassLoader::defineClass1 (native)
 total in heap  [0x00000237651d8f08,0x00000237651d94c0] = 1464
 relocation     [0x00000237651d8fe0,0x00000237651d9018] = 56
 main code      [0x00000237651d9020,0x00000237651d94bf] = 1183
 stub code      [0x00000237651d94bf,0x00000237651d94c0] = 1

[Constant Pool (empty)]

[MachCode]
[Entry Point]
  # {method} {0x0000023700476640} 'defineClass1' '(Ljava/lang/ClassLoader;Ljava/lang/String;[BIILjava/security/ProtectionDomain;Ljava/lang/String;)Ljava/lang/Class;' in 'java/lang/ClassLoader'
  # parm0:    rdx:rdx   = 'java/lang/ClassLoader'
  # parm1:    r8:r8     = 'java/lang/String'
  # parm2:    r9:r9     = '[B'
  # parm3:    rdi       = int
  # parm4:    rsi       = int
  # parm5:    rcx:rcx   = 'java/security/ProtectionDomain'
  # parm6:    [sp+0xa0]   = 'java/lang/String'  (sp of caller)
  0x00000237651d9020: 6690 448b | 5208 443b 

  0x00000237651d9028: ;   {runtime_call ic_miss_stub}
  0x00000237651d9028: 5008 0f85 | b054 ceff 
[Verified Entry Point]
  0x00000237651d9030: 8984 2400 | 80ff ff55 | 488b ec48 | 81ec 9000 | 0000 6690 | 4181 7f20 | 0100 0000 

  0x00000237651d904c: ;   {runtime_call StubRoutines (final stubs)}
  0x00000237651d904c: 7405 e8ed | e6cc ff48 | 837d 1000 | 488d 4510 | 480f 4445 | 1048 8944 | 2440 4889 | 4c24 7048 
  0x00000237651d906c: 83f9 0048 | 8d44 2470 | 480f 4444 | 2470 4889 | 4424 3848 | 8974 2430 | 4889 7c24 | 284c 894c 
  0x00000237651d908c: 2458 4983 | f900 488d | 4424 5848 | 0f44 4424 | 5848 8944 | 2420 4c89 | 4424 5049 | 83f8 004c 
  0x00000237651d90ac: 8d4c 2450 | 4c0f 444c | 2450 4889 | 5424 4848 | 83fa 004c | 8d44 2448 | 4c0f 4444 

  0x00000237651d90c8: ;   {oop(a 'java/lang/Class'{0x00000000c1dcbb80} = 'java/lang/ClassLoader')}
  0x00000237651d90c8: 2448 49be | 80bb dcc1 | 0000 0000 | 4c89 7424 | 784c 8d74 | 2478 498b | d6c5 f877 

  0x00000237651d90e4: ;   {internal_word}
  0x00000237651d90e4: 49ba e190 | 1d65 3702 | 0000 4d89 | 97a8 0300 | 0049 89a7 | a003 0000 

  0x00000237651d90fc: ;   {external_word}
  0x00000237651d90fc: 49ba 41ad | 3488 fa7f | 0000 4180 | 3a00 0f84 | 4e00 0000 | 5241 5041 

  0x00000237651d9114: ;   {metadata({method} {0x0000023700476640} 'defineClass1' '(Ljava/lang/ClassLoader;Ljava/lang/String;[BIILjava/security/ProtectionDomain;Ljava/lang/String;)Ljava/lang/Class;' in 'java/lang/ClassLoader')}
  0x00000237651d9114: 5148 ba38 | 6647 0037 | 0200 0049 | 8bcf 4883 | ec20 40f6 | c40f 0f84 | 1900 0000 | 4883 ec08 
  0x00000237651d9134: ;   {runtime_call}
  0x00000237651d9134: 48b8 10ee | e487 fa7f | 0000 ffd0 | 4883 c408 | e90c 0000 

  0x00000237651d9148: ;   {runtime_call}
  0x00000237651d9148: 0048 b810 | eee4 87fa | 7f00 00ff | d048 83c4 | 2041 5941 | 585a 498d | 8fc0 0300 | 0041 c787 
  0x00000237651d9168: 4404 0000 | 0400 0000 

  0x00000237651d9170: ;   {runtime_call}
  0x00000237651d9170: 48b8 9416 | 31b6 fa7f | 0000 ffd0 | c5f8 7741 | c787 4404 | 0000 0500 | 0000 f083 | 4424 c000 
  0x00000237651d9190: 493b af48 | 0400 000f | 870e 0000 | 0041 83bf | 4004 0000 | 000f 842b | 0000 00c5 | f877 4889 
  0x00000237651d91b0: 45f8 498b | cf4c 8be4 | 4883 ec20 | 4883 e4f0 

  0x00000237651d91c0: ;   {runtime_call}
  0x00000237651d91c0: 48b8 90a9 | ae87 fa7f | 0000 ffd0 | 498b e44d | 33e4 488b | 45f8 41c7 | 8744 0400 | 0008 0000 
  0x00000237651d91e0: 0041 83bf | c804 0000 | 020f 84a3 

  0x00000237651d91ec: ;   {external_word}
  0x00000237651d91ec: 0200 0049 | ba41 ad34 | 88fa 7f00 | 0041 803a | 000f 844c | 0000 0048 

  0x00000237651d9204: ;   {metadata({method} {0x0000023700476640} 'defineClass1' '(Ljava/lang/ClassLoader;Ljava/lang/String;[BIILjava/security/ProtectionDomain;Ljava/lang/String;)Ljava/lang/Class;' in 'java/lang/ClassLoader')}
  0x00000237651d9204: 8945 f848 | ba38 6647 | 0037 0200 | 0049 8bcf | 4883 ec20 | 40f6 c40f | 0f84 1900 | 0000 4883 
  0x00000237651d9224: ;   {runtime_call}
  0x00000237651d9224: ec08 48b8 | 10ee e487 | fa7f 0000 | ffd0 4883 | c408 e90c 

  0x00000237651d9238: ;   {runtime_call}
  0x00000237651d9238: 0000 0048 | b810 eee4 | 87fa 7f00 | 00ff d048 | 83c4 2048 | 8b45 f849 | c787 a003 | 0000 0000 
  0x00000237651d9258: 0000 49c7 | 87a8 0300 | 0000 0000 | 00c5 f877 | 4885 c00f | 84fe 0100 | 00a8 030f | 8508 0000 
  0x00000237651d9278: 0048 8b00 | e9ee 0100 | 00a8 010f | 8509 0000 | 0048 8b40 | fee9 dd01 | 0000 488b | 40ff 4180 
  0x00000237651d9298: 7f38 000f | 84ce 0100 | 0048 83f8 | 000f 84c4 | 0100 0049 | 8b4f 2848 | 83f9 000f | 8414 0000 
  0x00000237651d92b8: 0048 83e9 | 0849 894f | 2849 034f | 3048 8901 | e9a2 0100 | 0048 81ec | d000 0000 | 4889 0424 
  0x00000237651d92d8: 4889 4c24 | 0848 8954 | 2410 4889 | 7424 1848 | 897c 2420 | 4c89 4424 | 284c 894c | 2430 4c89 
  0x00000237651d92f8: 5424 384c | 895c 2440 | c5fb 1144 | 2450 c5fb | 114c 2458 | c5fb 1154 | 2460 c5fb | 115c 2468 
  0x00000237651d9318: c5fb 1164 | 2470 c5fb | 116c 2478 | c5fb 11b4 | 2480 0000 | 00c5 fb11 | bc24 8800 | 0000 c57b 
  0x00000237651d9338: ;   {no_reloc}
  0x00000237651d9338: 1184 2490 | 0000 00c5 | 7b11 8c24 | 9800 0000 | c57b 1194 | 24a0 0000 | 00c5 7b11 | 9c24 a800 
  0x00000237651d9358: 0000 c57b | 11a4 24b0 | 0000 00c5 | 7b11 ac24 | b800 0000 | c57b 11b4 | 24c0 0000 | 00c5 7b11 
  0x00000237651d9378: bc24 c800 | 0000 498b | d748 8bc8 | 4883 ec20 | 40f6 c40f | 0f84 1900 | 0000 4883 

  0x00000237651d9394: ;   {runtime_call}
  0x00000237651d9394: ec08 48b8 | e007 a287 | fa7f 0000 | ffd0 4883 | c408 e90c 

  0x00000237651d93a8: ;   {runtime_call}
  0x00000237651d93a8: 0000 0048 | b8e0 07a2 | 87fa 7f00 | 00ff d048 | 83c4 20c5 | 7b10 bc24 | c800 0000 | c57b 10b4 
  0x00000237651d93c8: 24c0 0000 | 00c5 7b10 | ac24 b800 | 0000 c57b | 10a4 24b0 | 0000 00c5 | 7b10 9c24 | a800 0000 
  0x00000237651d93e8: c57b 1094 | 24a0 0000 | 00c5 7b10 | 8c24 9800 | 0000 c57b | 1084 2490 | 0000 00c5 | fb10 bc24 
  0x00000237651d9408: 8800 0000 | c5fb 10b4 | 2480 0000 | 00c5 fb10 | 6c24 78c5 | fb10 6424 | 70c5 fb10 | 5c24 68c5 
  0x00000237651d9428: fb10 5424 | 60c5 fb10 | 4c24 58c5 | fb10 4424 | 504c 8b5c | 2440 4c8b | 5424 384c | 8b4c 2430 
  0x00000237651d9448: 4c8b 4424 | 2848 8b7c | 2420 488b | 7424 1848 | 8b54 2410 | 488b 4c24 | 0848 8b04 | 2448 81c4 
  0x00000237651d9468: d000 0000 | c5f8 7749 | 8b8f 3004 | 0000 c781 | 0001 0000 | 0000 0000 | c949 837f | 0800 0f85 
  0x00000237651d9488: 0100 0000 

  0x00000237651d948c: ;   {runtime_call StubRoutines (initial stubs)}
  0x00000237651d948c: c3e9 2e7a | c9ff c5f8 | 7748 8945 | f84c 8be4 | 4883 ec20 | 4883 e4f0 

  0x00000237651d94a4: ;   {runtime_call}
  0x00000237651d94a4: 48b8 c022 | e587 fa7f | 0000 ffd0 | 498b e44d | 33e4 488b | 45f8 e930 | fdff fff4 
[/MachCode]


Compiled method (c1) 6089 1654       1       java.lang.ClassLoader::defineClass (43 bytes)
 total in heap  [0x000002376520e788,0x000002376520eb58] = 976
 relocation     [0x000002376520e860,0x000002376520e8d0] = 112
 main code      [0x000002376520e8e0,0x000002376520eaa0] = 448
 stub code      [0x000002376520eaa0,0x000002376520eb18] = 120
 metadata       [0x000002376520eb18,0x000002376520eb58] = 64
 immutable data [0x00000237466888a0,0x0000023746688a38] = 408
 dependencies   [0x00000237466888a0,0x00000237466888b8] = 24
 nul chk table  [0x00000237466888b8,0x00000237466888e0] = 40
 scopes pcs     [0x00000237466888e0,0x0000023746688980] = 160
 scopes data    [0x0000023746688980,0x0000023746688a38] = 184

[Constant Pool (empty)]

[MachCode]
[Instructions begin]
  0x000002376520e8e0: 6666 660f | 1f84 0000 | 0000 0066 | 6666 9066 | 6690 448b | 5208 443b 

  0x000002376520e8f8: ;   {runtime_call ic_miss_stub}
  0x000002376520e8f8: 5008 0f85 | e0fb caff 
[Verified Entry Point]
  0x000002376520e900: 8984 2400 | 80ff ff55 | 4881 ecb0 | 0000 0090 | 4181 7f20 | 0100 0000 

  0x000002376520e918: ;   {runtime_call StubRoutines (final stubs)}
  0x000002376520e918: 7405 e821 | 8ec9 ff48 | 8954 2478 | 89b4 2494 | 0000 0089 | bc24 9000 | 0000 4c89 | 8c24 8800 
  0x000002376520e938: 0000 498b | d84c 8bc3 | 4c8b c948 | 8bca 488b | d148 899c | 2480 0000 | 0066 0f1f 

  0x000002376520e954: ;   {optimized virtual_call}
  0x000002376520e954: 4400 00e8 

  0x000002376520e958: ; ImmutableOopMap {[120]=Oop [128]=Oop [136]=Oop }
                      ;*invokevirtual preDefineClass {reexecute=0 rethrow=0 return_oop=0}
                      ; - java.lang.ClassLoader::defineClass@4 (line 1024)
  0x000002376520e958: 643f 0200 

  0x000002376520e95c: ;   {other}
  0x000002376520e95c: 0f1f 8400 | d401 0000 | 4889 8424 | 9800 0000 

  0x000002376520e96c: ; implicit exception: dispatches to 0x000002376520ea4a
  0x000002376520e96c: 448b 4010 | 4d85 c00f | 850f 0000 

  0x000002376520e978: ;   {oop(nullptr)}
  0x000002376520e978: 0048 bb00 | 0000 0000 | 0000 00e9 | 3f00 0000 

  0x000002376520e988: ; implicit exception: dispatches to 0x000002376520ea4f
  0x000002376520e988: 458b 400c | 4d85 c00f | 850f 0000 

  0x000002376520e994: ;   {oop(nullptr)}
  0x000002376520e994: 0048 bb00 | 0000 0000 | 0000 00e9 | 2300 0000 

  0x000002376520e9a4: ; implicit exception: dispatches to 0x000002376520ea54
  0x000002376520e9a4: 418b 5038 

  0x000002376520e9a8: ; implicit exception: dispatches to 0x000002376520ea59
  0x000002376520e9a8: 483b 020f 

  0x000002376520e9ac: ;   {optimized virtual_call}
  0x000002376520e9ac: 1f40 00e8 

  0x000002376520e9b0: ; ImmutableOopMap {[120]=Oop [128]=Oop [136]=Oop [152]=Oop }
                      ;*invokevirtual toExternalForm {reexecute=0 rethrow=0 return_oop=0}
                      ; - java.net.URL::toExternalForm@5 (line 1203)
                      ; - java.net.URL::toString@1 (line 1189)
                      ; - java.lang.ClassLoader::defineClassSourceLocation@22 (line 928)
                      ; - java.lang.ClassLoader::defineClass@12 (line 1025)
  0x000002376520e9b0: ccdf fdff 

  0x000002376520e9b4: ;   {other}
  0x000002376520e9b4: 0f1f 8400 | 2c02 0001 | 488b d848 | 8b84 2498 | 0000 008b | b424 9400 | 0000 8bbc | 2490 0000 
  0x000002376520e9d4: 004c 8b8c | 2488 0000 | 004c 8b84 | 2480 0000 | 0048 8b54 | 2478 4c8b | da49 8bd3 | 488b c848 
  0x000002376520e9f4: ;   {static_call}
  0x000002376520e9f4: 891c 24e8 

  0x000002376520e9f8: ; ImmutableOopMap {[120]=Oop [152]=Oop }
                      ;*invokestatic defineClass1 {reexecute=0 rethrow=0 return_oop=0}
                      ; - java.lang.ClassLoader::defineClass@27 (line 1026)
  0x000002376520e9f8: 34a6 fcff 

  0x000002376520e9fc: ;   {other}
  0x000002376520e9fc: 0f1f 8400 | 7402 0002 | 4c8b c04c | 8b8c 2498 | 0000 0048 | 8b54 2478 | 4889 8424 | a000 0000 
  0x000002376520ea1c: ;   {optimized virtual_call}
  0x000002376520ea1c: 6666 90e8 

  0x000002376520ea20: ; ImmutableOopMap {[160]=Oop }
                      ;*invokevirtual postDefineClass {reexecute=0 rethrow=0 return_oop=0}
                      ; - java.lang.ClassLoader::defineClass@37 (line 1027)
  0x000002376520ea20: 5c48 0200 

  0x000002376520ea24: ;   {other}
  0x000002376520ea24: 0f1f 8400 | 9c02 0003 | 488b 8424 | a000 0000 | 4881 c4b0 | 0000 005d 

  0x000002376520ea3c: ;   {poll_return}
  0x000002376520ea3c: 493b a748 | 0400 000f | 8715 0000 

  0x000002376520ea48: ;   {runtime_call throw_null_pointer_exception Runtime1 stub}
  0x000002376520ea48: 00c3 e891 

  0x000002376520ea4c: ; ImmutableOopMap {rax=Oop [120]=Oop [128]=Oop [136]=Oop [152]=Oop }
                      ;*invokevirtual getCodeSource {reexecute=0 rethrow=0 return_oop=0}
                      ; - java.lang.ClassLoader::defineClassSourceLocation@1 (line 925)
                      ; - java.lang.ClassLoader::defineClass@12 (line 1025)
                      ;   {runtime_call throw_null_pointer_exception Runtime1 stub}
  0x000002376520ea4c: ead5 ffe8 

  0x000002376520ea50: ; ImmutableOopMap {rax=Oop [120]=Oop [128]=Oop [136]=Oop [152]=Oop }
                      ;*invokevirtual getLocation {reexecute=0 rethrow=0 return_oop=0}
                      ; - java.lang.ClassLoader::defineClassSourceLocation@12 (line 927)
                      ; - java.lang.ClassLoader::defineClass@12 (line 1025)
  0x000002376520ea50: 8cea d5ff 

  0x000002376520ea54: ;   {runtime_call throw_null_pointer_exception Runtime1 stub}
  0x000002376520ea54: e887 ead5 

  0x000002376520ea58: ; ImmutableOopMap {r8=Oop [120]=Oop [128]=Oop [136]=Oop [152]=Oop }
                      ;*invokevirtual toString {reexecute=0 rethrow=0 return_oop=0}
                      ; - java.lang.ClassLoader::defineClassSourceLocation@22 (line 928)
                      ; - java.lang.ClassLoader::defineClass@12 (line 1025)
                      ;   {runtime_call throw_null_pointer_exception Runtime1 stub}
  0x000002376520ea58: ffe8 82ea 

  0x000002376520ea5c: ; ImmutableOopMap {r8=Oop rdx=Oop [120]=Oop [128]=Oop [136]=Oop [152]=Oop }
                      ;*invokevirtual toExternalForm {reexecute=0 rethrow=0 return_oop=0}
                      ; - java.net.URL::toExternalForm@5 (line 1203)
                      ; - java.net.URL::toString@1 (line 1189)
                      ; - java.lang.ClassLoader::defineClassSourceLocation@22 (line 928)
                      ; - java.lang.ClassLoader::defineClass@12 (line 1025)
                      ;   {internal_word}
  0x000002376520ea5c: d5ff 49ba | 3cea 2065 | 3702 0000 | 4d89 9760 

  0x000002376520ea6c: ;   {runtime_call SafepointBlob}
  0x000002376520ea6c: 0400 00e9 | 6c69 cbff | 498b 8700 | 0500 0049 | c787 0005 | 0000 0000 | 0000 49c7 | 8708 0500 
  0x000002376520ea8c: 0000 0000 | 0048 81c4 | b000 0000 

  0x000002376520ea98: ;   {runtime_call unwind_exception Runtime1 stub}
  0x000002376520ea98: 5de9 42db | d5ff f4f4 
[Stub Code]
  0x000002376520eaa0: ;   {no_reloc}
  0x000002376520eaa0: 0f1f 4400 

  0x000002376520eaa4: ;   {static_stub}
  0x000002376520eaa4: 0048 bb00 | 0000 0000 

  0x000002376520eaac: ;   {runtime_call nmethod}
  0x000002376520eaac: 0000 00e9 | fbff ffff 

  0x000002376520eab4: ;   {static_stub}
  0x000002376520eab4: 48bb f866 | 4700 3702 

  0x000002376520eabc: ;   {runtime_call I2C/C2I adapters}
  0x000002376520eabc: 0000 e9f7 

  0x000002376520eac0: ;   {static_stub}
  0x000002376520eac0: e8ca ff48 | bb00 0000 | 0000 0000 

  0x000002376520eacc: ;   {runtime_call nmethod}
  0x000002376520eacc: 00e9 fbff 

  0x000002376520ead0: ;   {static_stub}
  0x000002376520ead0: ffff 48bb | e065 4700 | 3702 0000 

  0x000002376520eadc: ;   {runtime_call I2C/C2I adapters}
  0x000002376520eadc: e9d9 e8ca 

  0x000002376520eae0: ;   {runtime_call handle_exception_from_callee Runtime1 stub}
  0x000002376520eae0: ffe8 fa07 

  0x000002376520eae4: ;   {external_word}
  0x000002376520eae4: d6ff 48b9 | 30d5 0c88 | fa7f 0000 | 4883 e4f0 

  0x000002376520eaf4: ;   {runtime_call}
  0x000002376520eaf4: 48b8 704a | d387 fa7f | 0000 ffd0 

  0x000002376520eb00: ;   {section_word}
  0x000002376520eb00: f449 ba01 | eb20 6537 | 0200 0041 

  0x000002376520eb0c: ;   {runtime_call DeoptimizationBlob}
  0x000002376520eb0c: 52e9 6e5b | cbff f4f4 | f4f4 f4f4 
[/MachCode]


Compiled method (c1) 6099 1655       1       jdk.internal.loader.BuiltinClassLoader::defineClass (121 bytes)
 total in heap  [0x000002376520ee88,0x000002376520f988] = 2816
 relocation     [0x000002376520ef60,0x000002376520f0a8] = 328
 main code      [0x000002376520f0c0,0x000002376520f810] = 1872
 stub code      [0x000002376520f810,0x000002376520f930] = 288
 metadata       [0x000002376520f930,0x000002376520f988] = 88
 immutable data [0x00000237466a93a0,0x00000237466a97f0] = 1104
 dependencies   [0x00000237466a93a0,0x00000237466a93c0] = 32
 nul chk table  [0x00000237466a93c0,0x00000237466a93e0] = 32
 handler table  [0x00000237466a93e0,0x00000237466a93f8] = 24
 scopes pcs     [0x00000237466a93f8,0x00000237466a9598] = 416
 scopes data    [0x00000237466a9598,0x00000237466a97f0] = 600

[Constant Pool (empty)]

[MachCode]
[Instructions begin]
  0x000002376520f0c0: 6666 660f | 1f84 0000 | 0000 0066 | 6666 9066 | 6690 448b | 5208 443b 

  0x000002376520f0d8: ;   {runtime_call ic_miss_stub}
  0x000002376520f0d8: 5008 0f85 | 00f4 caff 
[Verified Entry Point]
  0x000002376520f0e0: 8984 2400 | 80ff ff55 | 4881 ec00 | 0100 0090 | 4181 7f20 | 0100 0000 

  0x000002376520f0f8: ;   {runtime_call StubRoutines (final stubs)}
  0x000002376520f0f8: 7405 e841 | 86c9 ff48 | 8994 24a0 | 0000 004c | 8984 2490 | 0000 004c | 898c 2498 | 0000 0049 
  0x000002376520f118: 8bd1 6666 | 9048 b8a0 | fd69 4637 

  0x000002376520f124: ;   {virtual_call}
  0x000002376520f124: 0200 00e8 

  0x000002376520f128: ; ImmutableOopMap {[144]=Oop [152]=Oop [160]=Oop }
                      ;*invokevirtual getCodeSourceURL {reexecute=0 rethrow=0 return_oop=0}
                      ; - jdk.internal.loader.BuiltinClassLoader::defineClass@1 (line 842)
  0x000002376520f128: 0639 0000 

  0x000002376520f12c: ;   {other}
  0x000002376520f12c: 0f1f 8400 | a402 0000 | 4889 8424 | a800 0000 | 4c8b 8424 | 9000 0000 

  0x000002376520f144: ; implicit exception: dispatches to 0x000002376520f712
  0x000002376520f144: 418b 7014 

  0x000002376520f148: ; implicit exception: dispatches to 0x000002376520f717
  0x000002376520f148: 8b56 0c45 | 0fbe 4810 | 498b c9c1 | e118 c1f9 | 18d3 fa48 | 8bfa ffcf | 4585 c9ba | 0000 0000 
  0x000002376520f168: 7505 ba01 | 0000 0083 | e201 85d2 | 488b d641 | b82e 0000 | 004c 8bcf | 0f84 1300 

  0x000002376520f184: ;   {static_call}
  0x000002376520f184: 0000 90e8 

  0x000002376520f188: ; ImmutableOopMap {[144]=Oop [152]=Oop [160]=Oop [168]=Oop }
                      ;*invokestatic lastIndexOf {reexecute=0 rethrow=0 return_oop=0}
                      ; - java.lang.String::lastIndexOf@13 (line 2664)
                      ; - java.lang.String::lastIndexOf@8 (line 2626)
                      ; - jdk.internal.loader.BuiltinClassLoader::defineClass@8 (line 845)
  0x000002376520f188: 14eb daff 

  0x000002376520f18c: ;   {other}
  0x000002376520f18c: 0f1f 8400 | 0403 0001 | e913 0000 | 0066 0f1f 

  0x000002376520f19c: ;   {static_call}
  0x000002376520f19c: 4400 00e8 

  0x000002376520f1a0: ; ImmutableOopMap {[144]=Oop [152]=Oop [160]=Oop [168]=Oop }
                      ;*invokestatic lastIndexOf {reexecute=0 rethrow=0 return_oop=0}
                      ; - java.lang.String::lastIndexOf@25 (line 2665)
                      ; - java.lang.String::lastIndexOf@8 (line 2626)
                      ; - jdk.internal.loader.BuiltinClassLoader::defineClass@8 (line 845)
  0x000002376520f1a0: 3cfc caff 

  0x000002376520f1a4: ;   {other}
  0x000002376520f1a4: 0f1f 8400 | 1c03 0002 | 83f8 ff0f | 847f 0000 | 0041 b800 | 0000 004c | 8bc8 488b | 9424 9000 
  0x000002376520f1c4: ;   {optimized virtual_call}
  0x000002376520f1c4: 0000 90e8 

  0x000002376520f1c8: ; ImmutableOopMap {[144]=Oop [152]=Oop [160]=Oop [168]=Oop }
                      ;*invokevirtual substring {reexecute=0 rethrow=0 return_oop=0}
                      ; - jdk.internal.loader.BuiltinClassLoader::defineClass@23 (line 847)
  0x000002376520f1c8: b46f daff 

  0x000002376520f1cc: ;   {other}
  0x000002376520f1cc: 0f1f 8400 | 4403 0003 | 488b 9424 | 9800 0000 | 4889 8424 | b000 0000 | 9048 b8c8 | fd69 4637 
  0x000002376520f1ec: ;   {virtual_call}
  0x000002376520f1ec: 0200 00e8 

  0x000002376520f1f0: ; ImmutableOopMap {[144]=Oop [152]=Oop [160]=Oop [168]=Oop [176]=Oop }
                      ;*invokevirtual getManifest {reexecute=0 rethrow=0 return_oop=0}
                      ; - jdk.internal.loader.BuiltinClassLoader::defineClass@29 (line 848)
  0x000002376520f1f0: 3e5a 0200 

  0x000002376520f1f4: ;   {other}
  0x000002376520f1f4: 0f1f 8400 | 6c03 0004 | 4c8b 8424 | b000 0000 | 4c8b c848 | 8bbc 24a8 | 0000 0048 | 8b94 24a0 
  0x000002376520f214: 0000 0066 | 0f1f 4400 | 0048 b8f0 | fd69 4637 

  0x000002376520f224: ;   {virtual_call}
  0x000002376520f224: 0200 00e8 

  0x000002376520f228: ; ImmutableOopMap {[144]=Oop [152]=Oop [160]=Oop [168]=Oop }
                      ;*invokevirtual defineOrCheckPackage {reexecute=0 rethrow=0 return_oop=0}
                      ; - jdk.internal.loader.BuiltinClassLoader::defineClass@40 (line 849)
  0x000002376520f228: 86fa ffff 

  0x000002376520f22c: ;   {other}
  0x000002376520f22c: 0f1f 8400 | a403 0005 | 4c8b 8c24 | 9800 0000 | 488d 9424 | e000 0000 | 4c89 4a08 | 498b 0141 
  0x000002376520f24c: 8bb7 1806 | 0000 81fe | 6806 0000 | 0f8d be04 | 0000 4d3b | 4c37 f80f | 8425 0000 | 00a8 020f 
  0x000002376520f26c: 85ab 0400 | 0048 8bf0 | 4883 e6fe | 4883 c801 | f049 0fb1 | 310f 8595 | 0400 0041 | 8bb7 1806 
  0x000002376520f28c: 0000 4d89 | 0c37 83c6 | 0841 89b7 | 1806 0000 | 49ff 8750 | 0500 0041 | 8b51 0c48 | 85d2 0f85 
  0x000002376520f2ac: 4c00 0000 | 498b d166 | 9048 b818 | fe69 4637 

  0x000002376520f2bc: ;   {virtual_call}
  0x000002376520f2bc: 0200 00e8 

  0x000002376520f2c0: ; ImmutableOopMap {[144]=Oop [152]=Oop [160]=Oop [168]=Oop [232]=Oop }
                      ;*invokevirtual getInputStream {reexecute=0 rethrow=0 return_oop=0}
                      ; - jdk.internal.loader.Resource::cachedInputStream@9 (line 77)
                      ; - jdk.internal.loader.Resource::getByteBuffer@1 (line 163)
                      ; - jdk.internal.loader.BuiltinClassLoader::defineClass@45 (line 853)
  0x000002376520f2c0: ee6f 0200 

  0x000002376520f2c4: ;   {other}
  0x000002376520f2c4: 0f1f 8400 | 3c04 0006 | 410f be57 | 3885 d24c | 8b8c 2498 | 0000 000f | 854e 0400 | 004c 8bd0 
  0x000002376520f2e4: 4589 510c | 498b d148 | 33d0 48c1 | ea14 4883 | fa00 0f85 | 4f04 0000 | 418b 510c | 488d 8424 
  0x000002376520f304: e000 0000 | 488b 7808 | 418b b718 | 0600 0049 | 3b7c 37f8 | 0f85 4504 | 0000 4183 | af18 0600 
  0x000002376520f324: 0008 493b | 7c37 f00f | 842a 0000 | 0048 8b07 | a802 0f85 | 1200 0000 | 488b f048 | 83ce 01f0 
  0x000002376520f344: 480f b137 | 0f84 0d00 | 0000 4183 | 8718 0600 | 0008 e908 | 0400 0049 | ff8f 5005 | 0000 4885 
  0x000002376520f364: d20f 8443 

  0x000002376520f368: ;   {metadata('sun/nio/ByteBuffered')}
  0x000002376520f368: 0000 0048 | b810 1840 | 0037 0200 | 008b 5a08 | 49ba 0000 | 0000 3702 | 0000 4903 | da48 3b43 
  0x000002376520f388: 200f 8424 | 0000 0048 | 3bd8 0f84 | 1b00 0000 

  0x000002376520f398: ;   {runtime_call slow_subtype_check Runtime1 stub}
  0x000002376520f398: 5350 e821 | 0bd6 ff5b | 5b85 db0f | 8405 0000 | 00e9 0500 | 0000 4833 | f6eb 05be | 0100 0000 
  0x000002376520f3b8: 85f6 0f84 | 6900 0000 | 4885 d20f | 8443 0000 

  0x000002376520f3c8: ;   {metadata('sun/nio/ByteBuffered')}
  0x000002376520f3c8: 0048 bb10 | 1840 0037 | 0200 008b | 7a08 49ba | 0000 0000 | 3702 0000 | 4903 fa48 | 3b5f 200f 
  0x000002376520f3e8: 841f 0000 | 0048 3bfb | 0f84 1600 | 0000 5753 

  0x000002376520f3f8: ;   {runtime_call slow_subtype_check Runtime1 stub}
  0x000002376520f3f8: e8c3 0ad6 | ff5f 5f85 | ff0f 8472 | 0300 00e9 | 0000 0000 | 9048 b840 | fe69 4637 

  0x000002376520f414: ;   {virtual_call}
  0x000002376520f414: 0200 00e8 

  0x000002376520f418: ; ImmutableOopMap {[144]=Oop [152]=Oop [160]=Oop [168]=Oop }
                      ;*invokeinterface getByteBuffer {reexecute=0 rethrow=0 return_oop=0}
                      ; - jdk.internal.loader.Resource::getByteBuffer@16 (line 165)
                      ; - jdk.internal.loader.BuiltinClassLoader::defineClass@45 (line 853)
  0x000002376520f418: c4f6 caff 

  0x000002376520f41c: ;   {other}
  0x000002376520f41c: 0f1f 8400 | 9405 0007 | e90a 0000 

  0x000002376520f428: ;   {oop(nullptr)}
  0x000002376520f428: 0048 b800 | 0000 0000 | 0000 0048 | 85c0 0f84 | 0601 0000 | 4889 8424 | b800 0000 | 488b 9424 
  0x000002376520f448: 9800 0000 | 9048 b868 | fe69 4637 

  0x000002376520f454: ;   {virtual_call}
  0x000002376520f454: 0200 00e8 

  0x000002376520f458: ; ImmutableOopMap {[144]=Oop [160]=Oop [168]=Oop [184]=Oop }
                      ;*invokevirtual getCodeSigners {reexecute=0 rethrow=0 return_oop=0}
                      ; - jdk.internal.loader.BuiltinClassLoader::defineClass@56 (line 855)
  0x000002376520f458: 84f6 caff 

  0x000002376520f45c: ;   {other}
  0x000002376520f45c: 0f1f 8400 | d405 0008 

  0x000002376520f464: ;   {metadata('java/security/CodeSource')}
  0x000002376520f464: 4c8b c848 | bab8 7816 | 0037 0200 | 0049 8b87 | b801 0000 | 488d 7828 | 493b bfc8 | 0100 000f 
  0x000002376520f484: 87f9 0200 | 0049 89bf | b801 0000 | 48c7 0001 | 0000 0048 | 8bca 49ba | 0000 0000 | 3702 0000 
  0x000002376520f4a4: 492b ca89 | 4808 4833 | c989 480c | 4833 c948 | 8948 1048 | 8948 1848 | 8948 204c | 8b84 24a8 
  0x000002376520f4c4: 0000 0048 | 8bd0 4889 | 8424 c000 | 0000 0f1f 

  0x000002376520f4d4: ;   {optimized virtual_call}
  0x000002376520f4d4: 4400 00e8 

  0x000002376520f4d8: ; ImmutableOopMap {[144]=Oop [160]=Oop [184]=Oop [192]=Oop }
                      ;*invokespecial <init> {reexecute=0 rethrow=0 return_oop=0}
                      ; - jdk.internal.loader.BuiltinClassLoader::defineClass@68 (line 856)
  0x000002376520f4d8: 04f3 caff 

  0x000002376520f4dc: ;   {other}
  0x000002376520f4dc: 0f1f 8400 | 5406 0009 | 4c8b 8424 | c000 0000 | 488b 9424 | a000 0000 

  0x000002376520f4f4: ;   {optimized virtual_call}
  0x000002376520f4f4: 6666 90e8 

  0x000002376520f4f8: ; ImmutableOopMap {[144]=Oop [160]=Oop [184]=Oop }
                      ;*invokevirtual getProtectionDomain {reexecute=0 rethrow=0 return_oop=0}
                      ; - java.security.SecureClassLoader::defineClass@5 (line 182)
                      ; - jdk.internal.loader.BuiltinClassLoader::defineClass@79 (line 857)
  0x000002376520f4f8: e4f2 caff 

  0x000002376520f4fc: ;   {other}
  0x000002376520f4fc: 0f1f 8400 | 7406 000a | 4c8b 8424 | 9000 0000 | 4c8b 8c24 | b800 0000 | 488b f848 | 8b94 24a0 
  0x000002376520f51c: ;   {optimized virtual_call}
  0x000002376520f51c: 0000 00e8 

  0x000002376520f520: ; ImmutableOopMap {}
                      ;*invokevirtual defineClass {reexecute=0 rethrow=0 return_oop=0}
                      ; - java.security.SecureClassLoader::defineClass@8 (line 182)
                      ; - jdk.internal.loader.BuiltinClassLoader::defineClass@79 (line 857)
  0x000002376520f520: bcf2 caff 

  0x000002376520f524: ;   {other}
  0x000002376520f524: 0f1f 8400 | 9c06 000b | 4881 c400 | 0100 005d 

  0x000002376520f534: ;   {poll_return}
  0x000002376520f534: 493b a748 | 0400 000f | 874e 0200 | 00c3 4c8b | 8c24 9800 | 0000 498b | d148 b890 | fe69 4637 
  0x000002376520f554: ;   {virtual_call}
  0x000002376520f554: 0200 00e8 

  0x000002376520f558: ; ImmutableOopMap {[144]=Oop [152]=Oop [160]=Oop [168]=Oop }
                      ;*invokevirtual getBytes {reexecute=0 rethrow=0 return_oop=0}
                      ; - jdk.internal.loader.BuiltinClassLoader::defineClass@84 (line 859)
  0x000002376520f558: 9670 0200 

  0x000002376520f55c: ;   {other}
  0x000002376520f55c: 0f1f 8400 | d406 000c | 4889 8424 | c800 0000 | 488b 9424 | 9800 0000 | 9048 b8b8 | fe69 4637 
  0x000002376520f57c: ;   {virtual_call}
  0x000002376520f57c: 0200 00e8 

  0x000002376520f580: ; ImmutableOopMap {[144]=Oop [160]=Oop [168]=Oop [200]=Oop }
                      ;*invokevirtual getCodeSigners {reexecute=0 rethrow=0 return_oop=0}
                      ; - jdk.internal.loader.BuiltinClassLoader::defineClass@90 (line 860)
  0x000002376520f580: ae74 0200 

  0x000002376520f584: ;   {other}
  0x000002376520f584: 0f1f 8400 | fc06 000d 

  0x000002376520f58c: ;   {metadata('java/security/CodeSource')}
  0x000002376520f58c: 4c8b c848 | bab8 7816 | 0037 0200 | 0049 8b87 | b801 0000 | 488d 7828 | 493b bfc8 | 0100 000f 
  0x000002376520f5ac: 87f4 0100 | 0049 89bf | b801 0000 | 48c7 0001 | 0000 0048 | 8bca 49ba | 0000 0000 | 3702 0000 
  0x000002376520f5cc: 492b ca89 | 4808 4833 | c989 480c | 4833 c948 | 8948 1048 | 8948 1848 | 8948 204c | 8b84 24a8 
  0x000002376520f5ec: 0000 0048 | 8bd0 4889 | 8424 d000 | 0000 0f1f 

  0x000002376520f5fc: ;   {optimized virtual_call}
  0x000002376520f5fc: 4400 00e8 

  0x000002376520f600: ; ImmutableOopMap {[144]=Oop [160]=Oop [200]=Oop [208]=Oop }
                      ;*invokespecial <init> {reexecute=0 rethrow=0 return_oop=0}
                      ; - jdk.internal.loader.BuiltinClassLoader::defineClass@102 (line 861)
  0x000002376520f600: dca7 ffff 

  0x000002376520f604: ;   {other}
  0x000002376520f604: 0f1f 8400 | 7c07 000e | 488b 8424 | c800 0000 

  0x000002376520f614: ; implicit exception: dispatches to 0x000002376520f7b2
  0x000002376520f614: 8b70 0c4c | 8b84 24d0 | 0000 0048 | 8b94 24a0 | 0000 0089 | b424 d800 

  0x000002376520f62c: ;   {optimized virtual_call}
  0x000002376520f62c: 0000 90e8 

  0x000002376520f630: ; ImmutableOopMap {[144]=Oop [160]=Oop [200]=Oop }
                      ;*invokevirtual getProtectionDomain {reexecute=0 rethrow=0 return_oop=0}
                      ; - java.security.SecureClassLoader::defineClass@9 (line 150)
                      ; - jdk.internal.loader.BuiltinClassLoader::defineClass@117 (line 862)
  0x000002376520f630: ac96 ffff 

  0x000002376520f634: ;   {other}
  0x000002376520f634: 0f1f 8400 | ac07 000f | 4c8b 8424 | 9000 0000 | 4c8b 8c24 | c800 0000 | bf00 0000 | 008b b424 
  0x000002376520f654: d800 0000 | 488b c848 | 8b94 24a0 | 0000 000f 

  0x000002376520f664: ;   {optimized virtual_call}
  0x000002376520f664: 1f40 00e8 

  0x000002376520f668: ; ImmutableOopMap {}
                      ;*invokevirtual defineClass {reexecute=0 rethrow=0 return_oop=0}
                      ; - java.security.SecureClassLoader::defineClass@12 (line 150)
                      ; - jdk.internal.loader.BuiltinClassLoader::defineClass@117 (line 862)
  0x000002376520f668: 94f2 ffff 

  0x000002376520f66c: ;   {other}
  0x000002376520f66c: 0f1f 8400 | e407 0010 | 4881 c400 | 0100 005d 

  0x000002376520f67c: ;   {poll_return}
  0x000002376520f67c: 493b a748 | 0400 000f | 872e 0100 | 00c3 498b | 8700 0500 | 004d 33d2 | 4d89 9700 | 0500 004d 
  0x000002376520f69c: 33d2 4d89 | 9708 0500 | 0048 8bf0 | 488d 8424 | e000 0000 | 488b 5808 | 418b bf18 | 0600 0049 
  0x000002376520f6bc: 3b5c 3ff8 | 0f85 0701 | 0000 4183 | af18 0600 | 0008 493b | 5c3f f00f | 842a 0000 | 0048 8b03 
  0x000002376520f6dc: a802 0f85 | 1200 0000 | 488b f848 | 83cf 01f0 | 480f b13b | 0f84 0d00 | 0000 4183 | 8718 0600 
  0x000002376520f6fc: 0008 e9ca | 0000 0049 | ff8f 5005 | 0000 488b | c6e9 ee00 

  0x000002376520f710: ;   {runtime_call throw_null_pointer_exception Runtime1 stub}
  0x000002376520f710: 0000 e8c9 

  0x000002376520f714: ; ImmutableOopMap {rax=Oop r8=Oop [144]=Oop [152]=Oop [160]=Oop [168]=Oop }
                      ;*invokevirtual lastIndexOf {reexecute=0 rethrow=0 return_oop=0}
                      ; - jdk.internal.loader.BuiltinClassLoader::defineClass@8 (line 845)
                      ;   {runtime_call throw_null_pointer_exception Runtime1 stub}
  0x000002376520f714: ddd5 ffe8 

  0x000002376520f718: ; ImmutableOopMap {rax=Oop r8=Oop rsi=Oop [144]=Oop [152]=Oop [160]=Oop [168]=Oop }
                      ;*arraylength {reexecute=0 rethrow=0 return_oop=0}
                      ; - java.lang.String::length@4 (line 1593)
                      ; - java.lang.String::lastIndexOf@3 (line 2626)
                      ; - jdk.internal.loader.BuiltinClassLoader::defineClass@8 (line 845)
  0x000002376520f718: c4dd d5ff | 4c89 4c24 | 0848 8914 

  0x000002376520f724: ;   {runtime_call monitorenter_nofpu Runtime1 stub}
  0x000002376520f724: 24e8 b60d 

  0x000002376520f728: ; ImmutableOopMap {r9=Oop [144]=Oop [152]=Oop [160]=Oop [168]=Oop [232]=Oop }
                      ;*synchronization entry
                      ; - jdk.internal.loader.Resource::cachedInputStream@-1 (line 76)
                      ; - jdk.internal.loader.Resource::getByteBuffer@1 (line 163)
                      ; - jdk.internal.loader.BuiltinClassLoader::defineClass@45 (line 853)
  0x000002376520f728: d6ff e974 | fbff ff41 | 8b51 0c48 | 83fa 000f | 84a4 fbff | ff48 8914 

  0x000002376520f740: ;   {runtime_call g1_pre_barrier_slow}
  0x000002376520f740: 24e8 9a34 | d6ff e996 | fbff ff48 | 83f8 000f | 84a7 fbff | ff4c 890c 

  0x000002376520f758: ;   {runtime_call g1_post_barrier_slow}
  0x000002376520f758: 24e8 8237 | d6ff e999 | fbff ff48 | 8d84 24e0 | 0000 0048 

  0x000002376520f76c: ;   {runtime_call monitorexit_nofpu Runtime1 stub}
  0x000002376520f76c: 8904 24e8 | 6c13 d6ff | e9e9 fbff | ff48 8914 

  0x000002376520f77c: ;   {runtime_call throw_class_cast_exception Runtime1 stub}
  0x000002376520f77c: 24e8 5e01 

  0x000002376520f780: ; ImmutableOopMap {[144]=Oop [152]=Oop [160]=Oop [168]=Oop }
                      ;*checkcast {reexecute=0 rethrow=0 return_oop=0}
                      ; - jdk.internal.loader.Resource::getByteBuffer@13 (line 165)
                      ; - jdk.internal.loader.BuiltinClassLoader::defineClass@45 (line 853)
  0x000002376520f780: d6ff 488b 

  0x000002376520f784: ;   {runtime_call fast_new_instance Runtime1 stub}
  0x000002376520f784: d2e8 56e6 

  0x000002376520f788: ; ImmutableOopMap {r9=Oop [144]=Oop [160]=Oop [168]=Oop [184]=Oop }
                      ;*new {reexecute=0 rethrow=0 return_oop=0}
                      ; - jdk.internal.loader.BuiltinClassLoader::defineClass@61 (line 856)
  0x000002376520f788: d5ff e930 

  0x000002376520f78c: ;   {internal_word}
  0x000002376520f78c: fdff ff49 | ba34 f520 | 6537 0200 | 004d 8997 | 6004 0000 

  0x000002376520f7a0: ;   {runtime_call SafepointBlob}
  0x000002376520f7a0: e93b 5ccb | ff48 8bd2 

  0x000002376520f7a8: ;   {runtime_call fast_new_instance Runtime1 stub}
  0x000002376520f7a8: e833 e6d5 

  0x000002376520f7ac: ; ImmutableOopMap {r9=Oop [144]=Oop [160]=Oop [168]=Oop [200]=Oop }
                      ;*new {reexecute=0 rethrow=0 return_oop=0}
                      ; - jdk.internal.loader.BuiltinClassLoader::defineClass@95 (line 861)
  0x000002376520f7ac: ffe9 35fe 

  0x000002376520f7b0: ;   {runtime_call throw_null_pointer_exception Runtime1 stub}
  0x000002376520f7b0: ffff e829 

  0x000002376520f7b4: ; ImmutableOopMap {rax=Oop [144]=Oop [160]=Oop [200]=Oop [208]=Oop }
                      ;*arraylength {reexecute=0 rethrow=0 return_oop=0}
                      ; - jdk.internal.loader.BuiltinClassLoader::defineClass@114 (line 862)
                      ;   {internal_word}
  0x000002376520f7b4: ddd5 ff49 | ba7c f620 | 6537 0200 | 004d 8997 | 6004 0000 

  0x000002376520f7c8: ;   {runtime_call SafepointBlob}
  0x000002376520f7c8: e913 5ccb | ff48 8d84 | 24e0 0000 | 0048 8904 

  0x000002376520f7d8: ;   {runtime_call monitorexit_nofpu Runtime1 stub}
  0x000002376520f7d8: 24e8 0213 | d6ff e927 | ffff ff49 | 8b87 0005 | 0000 49c7 | 8700 0500 | 0000 0000 | 0049 c787 
  0x000002376520f7f8: 0805 0000 | 0000 0000 | 4881 c400 | 0100 005d 

  0x000002376520f808: ;   {runtime_call unwind_exception Runtime1 stub}
  0x000002376520f808: e9d3 cdd5 | fff4 f4f4 
[Stub Code]
  0x000002376520f810: ;   {no_reloc}
  0x000002376520f810: 0f1f 4400 

  0x000002376520f814: ;   {static_stub}
  0x000002376520f814: 0048 bb00 | 0000 0000 

  0x000002376520f81c: ;   {runtime_call nmethod}
  0x000002376520f81c: 0000 00e9 | fbff ffff 

  0x000002376520f824: ;   {static_stub}
  0x000002376520f824: 9048 bb00 | 0000 0000 

  0x000002376520f82c: ;   {runtime_call nmethod}
  0x000002376520f82c: 0000 00e9 | fbff ffff 

  0x000002376520f834: ;   {static_stub}
  0x000002376520f834: 9048 bb00 | 0000 0000 

  0x000002376520f83c: ;   {runtime_call nmethod}
  0x000002376520f83c: 0000 00e9 | fbff ffff 

  0x000002376520f844: ;   {static_stub}
  0x000002376520f844: 9048 bb00 | 0000 0000 

  0x000002376520f84c: ;   {runtime_call nmethod}
  0x000002376520f84c: 0000 00e9 | fbff ffff 

  0x000002376520f854: ;   {static_stub}
  0x000002376520f854: 9048 bb00 | 0000 0000 

  0x000002376520f85c: ;   {runtime_call nmethod}
  0x000002376520f85c: 0000 00e9 | fbff ffff 

  0x000002376520f864: ;   {static_stub}
  0x000002376520f864: 9048 bb00 | 0000 0000 

  0x000002376520f86c: ;   {runtime_call nmethod}
  0x000002376520f86c: 0000 00e9 | fbff ffff 

  0x000002376520f874: ;   {static_stub}
  0x000002376520f874: 9048 bb00 | 0000 0000 

  0x000002376520f87c: ;   {runtime_call nmethod}
  0x000002376520f87c: 0000 00e9 | fbff ffff 

  0x000002376520f884: ;   {static_stub}
  0x000002376520f884: 9048 bb00 | 0000 0000 

  0x000002376520f88c: ;   {runtime_call nmethod}
  0x000002376520f88c: 0000 00e9 | fbff ffff 

  0x000002376520f894: ;   {static_stub}
  0x000002376520f894: 48bb 0000 | 0000 0000 

  0x000002376520f89c: ;   {runtime_call nmethod}
  0x000002376520f89c: 0000 e9fb 

  0x000002376520f8a0: ;   {static_stub}
  0x000002376520f8a0: ffff ff48 | bb00 0000 | 0000 0000 

  0x000002376520f8ac: ;   {runtime_call nmethod}
  0x000002376520f8ac: 00e9 fbff 

  0x000002376520f8b0: ;   {static_stub}
  0x000002376520f8b0: ffff 48bb | 0000 0000 | 0000 0000 

  0x000002376520f8bc: ;   {runtime_call nmethod}
  0x000002376520f8bc: e9fb ffff 

  0x000002376520f8c0: ;   {static_stub}
  0x000002376520f8c0: ff48 bb00 | 0000 0000 

  0x000002376520f8c8: ;   {runtime_call nmethod}
  0x000002376520f8c8: 0000 00e9 | fbff ffff 

  0x000002376520f8d0: ;   {static_stub}
  0x000002376520f8d0: 48bb 0000 | 0000 0000 

  0x000002376520f8d8: ;   {runtime_call nmethod}
  0x000002376520f8d8: 0000 e9fb 

  0x000002376520f8dc: ;   {static_stub}
  0x000002376520f8dc: ffff ff48 | bb00 0000 | 0000 0000 

  0x000002376520f8e8: ;   {runtime_call nmethod}
  0x000002376520f8e8: 00e9 fbff 

  0x000002376520f8ec: ;   {static_stub}
  0x000002376520f8ec: ffff 48bb | 0000 0000 | 0000 0000 

  0x000002376520f8f8: ;   {runtime_call nmethod}
  0x000002376520f8f8: e9fb ffff 

  0x000002376520f8fc: ;   {runtime_call handle_exception_from_callee Runtime1 stub}
  0x000002376520f8fc: ffe8 def9 

  0x000002376520f900: ;   {external_word}
  0x000002376520f900: d5ff 48b9 | 30d5 0c88 | fa7f 0000 | 4883 e4f0 

  0x000002376520f910: ;   {runtime_call}
  0x000002376520f910: 48b8 704a | d387 fa7f | 0000 ffd0 

  0x000002376520f91c: ;   {section_word}
  0x000002376520f91c: f449 ba1d | f920 6537 | 0200 0041 

  0x000002376520f928: ;   {runtime_call DeoptimizationBlob}
  0x000002376520f928: 52e9 524d | cbff f4f4 
[/MachCode]


---------------  P R O C E S S  ---------------

Threads class SMR info:
_java_thread_list=0x0000023746f58c70, length=20, elements={
0x000002375c73b780, 0x000002374112ffa0, 0x0000023741130ec0, 0x0000023741134eb0,
0x0000023741136a80, 0x00000237411374e0, 0x0000023741137f40, 0x00000237411389a0,
0x0000023741238d40, 0x00000237412abd40, 0x00000237415da9f0, 0x00000237415dd910,
0x000002374619acd0, 0x000002374627ce80, 0x00000237462a02e0, 0x0000023746303480,
0x0000023746325270, 0x00000237466b2d70, 0x0000023746f40b40, 0x00000237466b4e40
}

Java Threads: ( => current thread )
  0x000002375c73b780 JavaThread "main"                              [_thread_in_vm, id=16796, stack(0x0000004db3f00000,0x0000004db4000000) (1024K)]
  0x000002374112ffa0 JavaThread "Reference Handler"          daemon [_thread_blocked, id=16932, stack(0x0000004db4700000,0x0000004db4800000) (1024K)]
  0x0000023741130ec0 JavaThread "Finalizer"                  daemon [_thread_blocked, id=9780, stack(0x0000004db4800000,0x0000004db4900000) (1024K)]
  0x0000023741134eb0 JavaThread "Signal Dispatcher"          daemon [_thread_blocked, id=20668, stack(0x0000004db4900000,0x0000004db4a00000) (1024K)]
  0x0000023741136a80 JavaThread "Attach Listener"            daemon [_thread_blocked, id=11080, stack(0x0000004db4a00000,0x0000004db4b00000) (1024K)]
  0x00000237411374e0 JavaThread "Service Thread"             daemon [_thread_blocked, id=11244, stack(0x0000004db4b00000,0x0000004db4c00000) (1024K)]
  0x0000023741137f40 JavaThread "Monitor Deflation Thread"   daemon [_thread_blocked, id=19340, stack(0x0000004db4c00000,0x0000004db4d00000) (1024K)]
  0x00000237411389a0 JavaThread "C1 CompilerThread0"         daemon [_thread_blocked, id=18264, stack(0x0000004db4d00000,0x0000004db4e00000) (1024K)]
  0x0000023741238d40 JavaThread "Common-Cleaner"             daemon [_thread_blocked, id=5968, stack(0x0000004db4e00000,0x0000004db4f00000) (1024K)]
  0x00000237412abd40 JavaThread "C1 CompilerThread1"         daemon [_thread_blocked, id=3884, stack(0x0000004db4f00000,0x0000004db5000000) (1024K)]
  0x00000237415da9f0 JavaThread "Monitor Ctrl-Break"         daemon [_thread_in_native, id=21012, stack(0x0000004db5200000,0x0000004db5300000) (1024K)]
  0x00000237415dd910 JavaThread "Notification Thread"        daemon [_thread_blocked, id=14396, stack(0x0000004db5300000,0x0000004db5400000) (1024K)]
  0x000002374619acd0 JavaThread "RMI TCP Accept-0"           daemon [_thread_in_native, id=15508, stack(0x0000004db5500000,0x0000004db5600000) (1024K)]
  0x000002374627ce80 JavaThread "RMI TCP Connection(1)-192.168.227.227" daemon [_thread_in_native, id=7856, stack(0x0000004db5600000,0x0000004db5700000) (1024K)]
  0x00000237462a02e0 JavaThread "RMI TCP Connection(2)-192.168.227.227" daemon [_thread_in_native, id=8392, stack(0x0000004db5700000,0x0000004db5800000) (1024K)]
  0x0000023746303480 JavaThread "RMI Scheduler(0)"           daemon [_thread_blocked, id=11040, stack(0x0000004db5900000,0x0000004db5a00000) (1024K)]
  0x0000023746325270 JavaThread "JMX server connection timeout 30" daemon [_thread_blocked, id=20348, stack(0x0000004db5a00000,0x0000004db5b00000) (1024K)]
=>0x00000237466b2d70 JavaThread "background-preinit"                [_thread_in_vm, id=920, stack(0x0000004db5800000,0x0000004db5900000) (1024K)]
  0x0000023746f40b40 JavaThread "C1 CompilerThread2"         daemon [_thread_blocked, id=16048, stack(0x0000004db5b00000,0x0000004db5c00000) (1024K)]
  0x00000237466b4e40 JavaThread "JMX server connection timeout 36" daemon [_thread_in_vm, id=18612, stack(0x0000004db5c00000,0x0000004db5d00000) (1024K)]
Total: 20

Other Threads:
  0x000002375c7f7990 VMThread "VM Thread"                           [id=4064, stack(0x0000004db4600000,0x0000004db4700000) (1024K)]
  0x000002374111aa00 WatcherThread "VM Periodic Task Thread"        [id=8284, stack(0x0000004db4500000,0x0000004db4600000) (1024K)]
  0x000002375c7738f0 WorkerThread "GC Thread#0"                     [id=16720, stack(0x0000004db4000000,0x0000004db4100000) (1024K)]
  0x00000237461987f0 WorkerThread "GC Thread#1"                     [id=21104, stack(0x0000004db5000000,0x0000004db5100000) (1024K)]
  0x00000237461ae7a0 WorkerThread "GC Thread#2"                     [id=13516, stack(0x0000004db5100000,0x0000004db5200000) (1024K)]
  0x00000237461aeb50 WorkerThread "GC Thread#3"                     [id=14432, stack(0x0000004db5400000,0x0000004db5500000) (1024K)]
  0x000002375c77e490 ConcurrentGCThread "G1 Main Marker"            [id=8176, stack(0x0000004db4100000,0x0000004db4200000) (1024K)]
  0x000002375c77f060 WorkerThread "G1 Conc#0"                       [id=20720, stack(0x0000004db4200000,0x0000004db4300000) (1024K)]
  0x000002375c7d9b50 ConcurrentGCThread "G1 Refine#0"               [id=6792, stack(0x0000004db4300000,0x0000004db4400000) (1024K)]
  0x000002375c7db5f0 ConcurrentGCThread "G1 Service"                [id=14020, stack(0x0000004db4400000,0x0000004db4500000) (1024K)]
Total: 10

Threads with active compile tasks:
Total: 0

VM state: not at safepoint (normal execution)

VM Mutex/Monitor currently owned by a thread:  ([mutex/lock_event])
[0x00007ffa88371890] Metaspace_lock - owner thread: 0x00000237466b2d70

Heap address: 0x00000000c1800000, size: 1000 MB, Compressed Oops mode: 32-bit

CDS archive(s) mapped at: [0x0000023700000000-0x0000023700d70000-0x0000023700d70000), size 14090240, SharedBaseAddress: 0x0000023700000000, ArchiveRelocationMode: 1.
Compressed class space mapped at: 0x0000023701000000-0x0000023741000000, reserved size: 1073741824
Narrow klass base: 0x0000023700000000, Narrow klass shift: 0, Narrow klass range: 0x41000000

GC Precious Log:
 CardTable entry size: 512
 Card Set container configuration: InlinePtr #cards 5 size 8 Array Of Cards #cards 10 size 36 Howl #buckets 4 coarsen threshold 1843 Howl Bitmap #cards 512 size 80 coarsen threshold 460 Card regions per heap region 1 cards per card region 2048
 CPUs: 4 total, 4 available
 Memory: 3998M
 Large Page Support: Disabled
 NUMA Support: Disabled
 Compressed Oops: Enabled (32-bit)
 Heap Region Size: 1M
 Heap Min Capacity: 8M
 Heap Initial Capacity: 64M
 Heap Max Capacity: 1000M
 Pre-touch: Disabled
 Parallel Workers: 4
 Concurrent Workers: 1
 Concurrent Refinement Workers: 4
 Periodic GC: Disabled

Heap:
 garbage-first heap   total reserved 1024000K, committed 65536K, used 21553K [0x00000000c1800000, 0x0000000100000000)
  region size 1024K, 16 young (16384K), 4 survivors (4096K)
 Metaspace       used 18308K, committed 18624K, reserved 1114112K
  class space    used 2447K, committed 2560K, reserved 1048576K

Heap Regions: E=young(eden), S=young(survivor), O=old, HS=humongous(starts), HC=humongous(continues), CS=collection set, F=free, TAMS=top-at-mark-start, PB=parsable bottom
|   0|0x00000000c1800000, 0x00000000c1900000, 0x00000000c1900000|100%|HS|  |TAMS 0x00000000c1800000| PB 0x00000000c1800000| Complete |  0
|   1|0x00000000c1900000, 0x00000000c1a00000, 0x00000000c1a00000|100%|HS|  |TAMS 0x00000000c1900000| PB 0x00000000c1900000| Complete |  0
|   2|0x00000000c1a00000, 0x00000000c1b00000, 0x00000000c1b00000|100%| O|  |TAMS 0x00000000c1a00000| PB 0x00000000c1a00000| Untracked |  0
|   3|0x00000000c1b00000, 0x00000000c1c00000, 0x00000000c1c00000|100%| O|  |TAMS 0x00000000c1b00000| PB 0x00000000c1b00000| Untracked |  0
|   4|0x00000000c1c00000, 0x00000000c1d00000, 0x00000000c1d00000|100%| O|  |TAMS 0x00000000c1c00000| PB 0x00000000c1c00000| Untracked |  0
|   5|0x00000000c1d00000, 0x00000000c1e00000, 0x00000000c1e00000|100%| O|  |TAMS 0x00000000c1d00000| PB 0x00000000c1d00000| Untracked |  0
|   6|0x00000000c1e00000, 0x00000000c1f00000, 0x00000000c1f00000|100%| O|  |TAMS 0x00000000c1e00000| PB 0x00000000c1e00000| Untracked |  0
|   7|0x00000000c1f00000, 0x00000000c1fe6c48, 0x00000000c2000000| 90%| O|  |TAMS 0x00000000c1f00000| PB 0x00000000c1f00000| Untracked |  0
|   8|0x00000000c2000000, 0x00000000c2000000, 0x00000000c2100000|  0%| F|  |TAMS 0x00000000c2000000| PB 0x00000000c2000000| Untracked |  0
|   9|0x00000000c2100000, 0x00000000c2100000, 0x00000000c2200000|  0%| F|  |TAMS 0x00000000c2100000| PB 0x00000000c2100000| Untracked |  0
|  10|0x00000000c2200000, 0x00000000c2200000, 0x00000000c2300000|  0%| F|  |TAMS 0x00000000c2200000| PB 0x00000000c2200000| Untracked |  0
|  11|0x00000000c2300000, 0x00000000c2300000, 0x00000000c2400000|  0%| F|  |TAMS 0x00000000c2300000| PB 0x00000000c2300000| Untracked |  0
|  12|0x00000000c2400000, 0x00000000c2400000, 0x00000000c2500000|  0%| F|  |TAMS 0x00000000c2400000| PB 0x00000000c2400000| Untracked |  0
|  13|0x00000000c2500000, 0x00000000c2500000, 0x00000000c2600000|  0%| F|  |TAMS 0x00000000c2500000| PB 0x00000000c2500000| Untracked |  0
|  14|0x00000000c2600000, 0x00000000c2600000, 0x00000000c2700000|  0%| F|  |TAMS 0x00000000c2600000| PB 0x00000000c2600000| Untracked |  0
|  15|0x00000000c2700000, 0x00000000c2700000, 0x00000000c2800000|  0%| F|  |TAMS 0x00000000c2700000| PB 0x00000000c2700000| Untracked |  0
|  16|0x00000000c2800000, 0x00000000c2800000, 0x00000000c2900000|  0%| F|  |TAMS 0x00000000c2800000| PB 0x00000000c2800000| Untracked |  0
|  17|0x00000000c2900000, 0x00000000c2900000, 0x00000000c2a00000|  0%| F|  |TAMS 0x00000000c2900000| PB 0x00000000c2900000| Untracked |  0
|  18|0x00000000c2a00000, 0x00000000c2a00000, 0x00000000c2b00000|  0%| F|  |TAMS 0x00000000c2a00000| PB 0x00000000c2a00000| Untracked |  0
|  19|0x00000000c2b00000, 0x00000000c2b00000, 0x00000000c2c00000|  0%| F|  |TAMS 0x00000000c2b00000| PB 0x00000000c2b00000| Untracked |  0
|  20|0x00000000c2c00000, 0x00000000c2c00000, 0x00000000c2d00000|  0%| F|  |TAMS 0x00000000c2c00000| PB 0x00000000c2c00000| Untracked |  0
|  21|0x00000000c2d00000, 0x00000000c2d00000, 0x00000000c2e00000|  0%| F|  |TAMS 0x00000000c2d00000| PB 0x00000000c2d00000| Untracked |  0
|  22|0x00000000c2e00000, 0x00000000c2e00000, 0x00000000c2f00000|  0%| F|  |TAMS 0x00000000c2e00000| PB 0x00000000c2e00000| Untracked |  0
|  23|0x00000000c2f00000, 0x00000000c2f00000, 0x00000000c3000000|  0%| F|  |TAMS 0x00000000c2f00000| PB 0x00000000c2f00000| Untracked |  0
|  24|0x00000000c3000000, 0x00000000c3000000, 0x00000000c3100000|  0%| F|  |TAMS 0x00000000c3000000| PB 0x00000000c3000000| Untracked |  0
|  25|0x00000000c3100000, 0x00000000c3100000, 0x00000000c3200000|  0%| F|  |TAMS 0x00000000c3100000| PB 0x00000000c3100000| Untracked |  0
|  26|0x00000000c3200000, 0x00000000c3200000, 0x00000000c3300000|  0%| F|  |TAMS 0x00000000c3200000| PB 0x00000000c3200000| Untracked |  0
|  27|0x00000000c3300000, 0x00000000c3300000, 0x00000000c3400000|  0%| F|  |TAMS 0x00000000c3300000| PB 0x00000000c3300000| Untracked |  0
|  28|0x00000000c3400000, 0x00000000c3400000, 0x00000000c3500000|  0%| F|  |TAMS 0x00000000c3400000| PB 0x00000000c3400000| Untracked |  0
|  29|0x00000000c3500000, 0x00000000c3500000, 0x00000000c3600000|  0%| F|  |TAMS 0x00000000c3500000| PB 0x00000000c3500000| Untracked |  0
|  30|0x00000000c3600000, 0x00000000c3600000, 0x00000000c3700000|  0%| F|  |TAMS 0x00000000c3600000| PB 0x00000000c3600000| Untracked |  0
|  31|0x00000000c3700000, 0x00000000c3700000, 0x00000000c3800000|  0%| F|  |TAMS 0x00000000c3700000| PB 0x00000000c3700000| Untracked |  0
|  32|0x00000000c3800000, 0x00000000c3825aa0, 0x00000000c3900000| 14%| S|CS|TAMS 0x00000000c3800000| PB 0x00000000c3800000| Complete |  0
|  33|0x00000000c3900000, 0x00000000c3a00000, 0x00000000c3a00000|100%| S|CS|TAMS 0x00000000c3900000| PB 0x00000000c3900000| Complete |  0
|  34|0x00000000c3a00000, 0x00000000c3b00000, 0x00000000c3b00000|100%| S|CS|TAMS 0x00000000c3a00000| PB 0x00000000c3a00000| Complete |  0
|  35|0x00000000c3b00000, 0x00000000c3c00000, 0x00000000c3c00000|100%| S|CS|TAMS 0x00000000c3b00000| PB 0x00000000c3b00000| Complete |  0
|  36|0x00000000c3c00000, 0x00000000c3c00000, 0x00000000c3d00000|  0%| F|  |TAMS 0x00000000c3c00000| PB 0x00000000c3c00000| Untracked |  0
|  37|0x00000000c3d00000, 0x00000000c3d00000, 0x00000000c3e00000|  0%| F|  |TAMS 0x00000000c3d00000| PB 0x00000000c3d00000| Untracked |  0
|  38|0x00000000c3e00000, 0x00000000c3e00000, 0x00000000c3f00000|  0%| F|  |TAMS 0x00000000c3e00000| PB 0x00000000c3e00000| Untracked |  0
|  39|0x00000000c3f00000, 0x00000000c3f00000, 0x00000000c4000000|  0%| F|  |TAMS 0x00000000c3f00000| PB 0x00000000c3f00000| Untracked |  0
|  40|0x00000000c4000000, 0x00000000c4000000, 0x00000000c4100000|  0%| F|  |TAMS 0x00000000c4000000| PB 0x00000000c4000000| Untracked |  0
|  41|0x00000000c4100000, 0x00000000c4100000, 0x00000000c4200000|  0%| F|  |TAMS 0x00000000c4100000| PB 0x00000000c4100000| Untracked |  0
|  42|0x00000000c4200000, 0x00000000c4200000, 0x00000000c4300000|  0%| F|  |TAMS 0x00000000c4200000| PB 0x00000000c4200000| Untracked |  0
|  43|0x00000000c4300000, 0x00000000c4300000, 0x00000000c4400000|  0%| F|  |TAMS 0x00000000c4300000| PB 0x00000000c4300000| Untracked |  0
|  44|0x00000000c4400000, 0x00000000c4400000, 0x00000000c4500000|  0%| F|  |TAMS 0x00000000c4400000| PB 0x00000000c4400000| Untracked |  0
|  45|0x00000000c4500000, 0x00000000c4500000, 0x00000000c4600000|  0%| F|  |TAMS 0x00000000c4500000| PB 0x00000000c4500000| Untracked |  0
|  46|0x00000000c4600000, 0x00000000c4600000, 0x00000000c4700000|  0%| F|  |TAMS 0x00000000c4600000| PB 0x00000000c4600000| Untracked |  0
|  47|0x00000000c4700000, 0x00000000c4700000, 0x00000000c4800000|  0%| F|  |TAMS 0x00000000c4700000| PB 0x00000000c4700000| Untracked |  0
|  48|0x00000000c4800000, 0x00000000c4800000, 0x00000000c4900000|  0%| F|  |TAMS 0x00000000c4800000| PB 0x00000000c4800000| Untracked |  0
|  49|0x00000000c4900000, 0x00000000c4900000, 0x00000000c4a00000|  0%| F|  |TAMS 0x00000000c4900000| PB 0x00000000c4900000| Untracked |  0
|  50|0x00000000c4a00000, 0x00000000c4a00000, 0x00000000c4b00000|  0%| F|  |TAMS 0x00000000c4a00000| PB 0x00000000c4a00000| Untracked |  0
|  51|0x00000000c4b00000, 0x00000000c4b00000, 0x00000000c4c00000|  0%| F|  |TAMS 0x00000000c4b00000| PB 0x00000000c4b00000| Untracked |  0
|  52|0x00000000c4c00000, 0x00000000c4c6df48, 0x00000000c4d00000| 42%| E|  |TAMS 0x00000000c4c00000| PB 0x00000000c4c00000| Complete |  0
|  53|0x00000000c4d00000, 0x00000000c4e00000, 0x00000000c4e00000|100%| E|CS|TAMS 0x00000000c4d00000| PB 0x00000000c4d00000| Complete |  0
|  54|0x00000000c4e00000, 0x00000000c4f00000, 0x00000000c4f00000|100%| E|CS|TAMS 0x00000000c4e00000| PB 0x00000000c4e00000| Complete |  0
|  55|0x00000000c4f00000, 0x00000000c5000000, 0x00000000c5000000|100%| E|CS|TAMS 0x00000000c4f00000| PB 0x00000000c4f00000| Complete |  0
|  56|0x00000000c5000000, 0x00000000c5100000, 0x00000000c5100000|100%| E|CS|TAMS 0x00000000c5000000| PB 0x00000000c5000000| Complete |  0
|  57|0x00000000c5100000, 0x00000000c5200000, 0x00000000c5200000|100%| E|  |TAMS 0x00000000c5100000| PB 0x00000000c5100000| Complete |  0
|  58|0x00000000c5200000, 0x00000000c5300000, 0x00000000c5300000|100%| E|CS|TAMS 0x00000000c5200000| PB 0x00000000c5200000| Complete |  0
|  59|0x00000000c5300000, 0x00000000c5400000, 0x00000000c5400000|100%| E|CS|TAMS 0x00000000c5300000| PB 0x00000000c5300000| Complete |  0
|  60|0x00000000c5400000, 0x00000000c5500000, 0x00000000c5500000|100%| E|CS|TAMS 0x00000000c5400000| PB 0x00000000c5400000| Complete |  0
|  61|0x00000000c5500000, 0x00000000c5600000, 0x00000000c5600000|100%| E|CS|TAMS 0x00000000c5500000| PB 0x00000000c5500000| Complete |  0
|  62|0x00000000c5600000, 0x00000000c5700000, 0x00000000c5700000|100%| E|CS|TAMS 0x00000000c5600000| PB 0x00000000c5600000| Complete |  0
|  63|0x00000000c5700000, 0x00000000c5800000, 0x00000000c5800000|100%| E|CS|TAMS 0x00000000c5700000| PB 0x00000000c5700000| Complete |  0

Card table byte_map: [0x0000023767e70000,0x0000023768070000] _byte_map_base: 0x0000023767864000

Marking Bits: (CMBitMap*) 0x000002375c773f10
 Bits: [0x0000023768070000, 0x0000023769010000)

Polling page: 0x000002375a570000

Metaspace:

Usage:
  Non-class:     15.49 MB used.
      Class:      2.39 MB used.
       Both:     17.88 MB used.

Virtual space:
  Non-class space:       64.00 MB reserved,      15.69 MB ( 25%) committed,  1 nodes.
      Class space:        1.00 GB reserved,       2.50 MB ( <1%) committed,  1 nodes.
             Both:        1.06 GB reserved,      18.19 MB (  2%) committed. 

Chunk freelists:
   Non-Class:  15.66 MB
       Class:  13.42 MB
        Both:  29.08 MB

MaxMetaspaceSize: unlimited
CompressedClassSpaceSize: 1.00 GB
Initial GC threshold: 21.00 MB
Current GC threshold: 21.00 MB
CDS: on
 - commit_granule_bytes: 65536.
 - commit_granule_words: 8192.
 - virtual_space_node_default_size: 8388608.
 - enlarge_chunks_in_place: 1.
 - use_allocation_guard: 0.


Internal statistics:

num_allocs_failed_limit: 0.
num_arena_births: 442.
num_arena_deaths: 0.
num_vsnodes_births: 2.
num_vsnodes_deaths: 0.
num_space_committed: 291.
num_space_uncommitted: 0.
num_chunks_returned_to_freelist: 0.
num_chunks_taken_from_freelist: 950.
num_chunk_merges: 0.
num_chunk_splits: 611.
num_chunks_enlarged: 384.
num_inconsistent_stats: 0.

CodeCache: size=49152Kb used=5531Kb max_used=5531Kb free=43620Kb
 bounds [0x0000023764e70000, 0x00000237653e0000, 0x0000023767e70000]
 total_blobs=3238, nmethods=2692, adapters=469, full_count=0
Compilation: enabled, stopped_count=0, restarted_count=0

Compilation events (20 events):
Event: 5.615 Thread 0x00000237411389a0 nmethod 2671 0x00000237653cf808 code [0x00000237653cf9c0, 0x00000237653d0120]
Event: 5.615 Thread 0x00000237412abd40 nmethod 2670 0x00000237653d0188 code [0x00000237653d0340, 0x00000237653d0b10]
Event: 5.618 Thread 0x00000237412abd40 2673       1       java.lang.Class::isAnnotation (17 bytes)
Event: 5.619 Thread 0x00000237412abd40 nmethod 2673 0x00000237653d0b88 code [0x00000237653d0ca0, 0x00000237653d0d98]
Event: 5.627 Thread 0x00000237412abd40 2674  s!   1       jdk.internal.loader.URLClassPath::getLoader (194 bytes)
Event: 5.629 Thread 0x00000237412abd40 nmethod 2674 0x00000237653d0e88 code [0x00000237653d10e0, 0x00000237653d20b8]
Event: 5.638 Thread 0x00000237412abd40 2675       1       java.lang.invoke.MemberName::equals (69 bytes)
Event: 5.639 Thread 0x00000237412abd40 nmethod 2675 0x00000237653d2188 code [0x00000237653d2300, 0x00000237653d2658]
Event: 5.646 Thread 0x00000237411389a0 2676       1       java.lang.invoke.SimpleMethodHandle::speciesData (4 bytes)
Event: 5.647 Thread 0x00000237411389a0 nmethod 2676 0x00000237653d2708 code [0x00000237653d2820, 0x00000237653d28f0]
Event: 5.647 Thread 0x00000237411389a0 2677       1       jdk.internal.loader.AbstractClassLoaderValue$Sub::equals (55 bytes)
Event: 5.647 Thread 0x00000237411389a0 nmethod 2677 0x00000237653d2a08 code [0x00000237653d2b40, 0x00000237653d2dc8]
Event: 5.647 Thread 0x0000023746f40b40 2678       1       org.springframework.core.annotation.AnnotationTypeMappings::get (14 bytes)
Event: 5.648 Thread 0x0000023746f40b40 nmethod 2678 0x00000237653d2e08 code [0x00000237653d2f20, 0x00000237653d3050]
Event: 5.648 Thread 0x00000237412abd40 2679       1       java.lang.reflect.Proxy::isProxyClass (22 bytes)
Event: 5.648 Thread 0x00000237411389a0 2680       1       jdk.internal.loader.AbstractClassLoaderValue::extractValue (17 bytes)
Event: 5.648 Thread 0x00000237411389a0 nmethod 2680 0x00000237653d3108 code [0x00000237653d3240, 0x00000237653d33d0]
Event: 5.648 Thread 0x00000237411389a0 2681   !   1       jdk.internal.loader.AbstractClassLoaderValue::get (21 bytes)
Event: 5.649 Thread 0x0000023746f40b40 2682       1       jdk.internal.loader.AbstractClassLoaderValue$Sub::hashCode (19 bytes)
Event: 5.649 Thread 0x0000023746f40b40 nmethod 2682 0x00000237653d3408 code [0x00000237653d3540, 0x00000237653d3698]

GC Heap History (6 events):
Event: 3.194 GC heap before
{Heap before GC invocations=0 (full 0):
 garbage-first heap   total reserved 1024000K, committed 65536K, used 15360K [0x00000000c1800000, 0x0000000100000000)
  region size 1024K, 14 young (14336K), 0 survivors (0K)
 Metaspace       used 4511K, committed 4736K, reserved 1114112K
  class space    used 557K, committed 704K, reserved 1048576K
}
Event: 3.210 GC heap after
{Heap after GC invocations=1 (full 0):
 garbage-first heap   total reserved 1024000K, committed 65536K, used 7872K [0x00000000c1800000, 0x0000000100000000)
  region size 1024K, 2 young (2048K), 2 survivors (2048K)
 Metaspace       used 4511K, committed 4736K, reserved 1114112K
  class space    used 557K, committed 704K, reserved 1048576K
}
Event: 4.292 GC heap before
{Heap before GC invocations=1 (full 0):
 garbage-first heap   total reserved 1024000K, committed 65536K, used 18112K [0x00000000c1800000, 0x0000000100000000)
  region size 1024K, 13 young (13312K), 2 survivors (2048K)
 Metaspace       used 8284K, committed 8576K, reserved 1114112K
  class space    used 1077K, committed 1216K, reserved 1048576K
}
Event: 4.304 GC heap after
{Heap after GC invocations=2 (full 0):
 garbage-first heap   total reserved 1024000K, committed 65536K, used 9115K [0x00000000c1800000, 0x0000000100000000)
  region size 1024K, 1 young (1024K), 1 survivors (1024K)
 Metaspace       used 8284K, committed 8576K, reserved 1114112K
  class space    used 1077K, committed 1216K, reserved 1048576K
}
Event: 5.387 GC heap before
{Heap before GC invocations=2 (full 0):
 garbage-first heap   total reserved 1024000K, committed 65536K, used 35739K [0x00000000c1800000, 0x0000000100000000)
  region size 1024K, 28 young (28672K), 1 survivors (1024K)
 Metaspace       used 15664K, committed 16064K, reserved 1114112K
  class space    used 2104K, committed 2304K, reserved 1048576K
}
Event: 5.398 GC heap after
{Heap after GC invocations=3 (full 0):
 garbage-first heap   total reserved 1024000K, committed 65536K, used 11313K [0x00000000c1800000, 0x0000000100000000)
  region size 1024K, 4 young (4096K), 4 survivors (4096K)
 Metaspace       used 15664K, committed 16064K, reserved 1114112K
  class space    used 2104K, committed 2304K, reserved 1048576K
}

Dll operation events (11 events):
Event: 0.072 Loaded shared library C:\Users\ICS\.jdks\openjdk-23.0.1\bin\java.dll
Event: 0.647 Loaded shared library C:\Users\ICS\.jdks\openjdk-23.0.1\bin\zip.dll
Event: 0.658 Loaded shared library C:\Users\ICS\.jdks\openjdk-23.0.1\bin\instrument.dll
Event: 0.677 Loaded shared library C:\Users\ICS\.jdks\openjdk-23.0.1\bin\net.dll
Event: 0.693 Loaded shared library C:\Users\ICS\.jdks\openjdk-23.0.1\bin\nio.dll
Event: 0.710 Loaded shared library C:\Users\ICS\.jdks\openjdk-23.0.1\bin\zip.dll
Event: 1.507 Loaded shared library C:\Users\ICS\.jdks\openjdk-23.0.1\bin\jimage.dll
Event: 1.918 Loaded shared library C:\Program Files\JetBrains\IntelliJ IDEA 2024.3.1\bin\breakgen64.dll
Event: 2.047 Loaded shared library C:\Users\ICS\.jdks\openjdk-23.0.1\bin\extnet.dll
Event: 2.294 Loaded shared library C:\Users\ICS\.jdks\openjdk-23.0.1\bin\management.dll
Event: 2.353 Loaded shared library C:\Users\ICS\.jdks\openjdk-23.0.1\bin\management_ext.dll

Deoptimization events (0 events):
No events

Classes loaded (20 events):
Event: 5.606 Loading class com/sun/beans/TypeResolver
Event: 5.607 Loading class com/sun/beans/TypeResolver done
Event: 5.607 Loading class com/sun/beans/WeakCache
Event: 5.607 Loading class com/sun/beans/WeakCache done
Event: 5.608 Loading class com/sun/beans/WildcardTypeImpl
Event: 5.608 Loading class com/sun/beans/WildcardTypeImpl done
Event: 5.641 Loading class java/util/Collections$ReverseComparator
Event: 5.641 Loading class java/util/Collections$ReverseComparator done
Event: 5.642 Loading class java/util/Comparators$NaturalOrderComparator
Event: 5.642 Loading class java/util/Comparators$NaturalOrderComparator done
Event: 5.642 Loading class java/util/Collections$ReverseComparator2
Event: 5.642 Loading class java/util/Collections$ReverseComparator2 done
Event: 5.642 Loading class java/util/stream/SortedOps
Event: 5.643 Loading class java/util/stream/SortedOps done
Event: 5.643 Loading class java/util/stream/SortedOps$OfRef
Event: 5.643 Loading class java/util/stream/SortedOps$OfRef done
Event: 5.644 Loading class java/util/stream/SortedOps$RefSortingSink
Event: 5.645 Loading class java/util/stream/SortedOps$AbstractRefSortingSink
Event: 5.645 Loading class java/util/stream/SortedOps$AbstractRefSortingSink done
Event: 5.645 Loading class java/util/stream/SortedOps$RefSortingSink done

Classes unloaded (0 events):
No events

Classes redefined (0 events):
No events

Internal exceptions (20 events):
Event: 4.757 Thread 0x000002375c73b780 Exception <a 'java/lang/NoSuchMethodError'{0x00000000c4f613e0}: 'java.lang.Object java.lang.invoke.DirectMethodHandle$Holder.invokeSpecial(java.lang.Object, java.lang.Object, java.lang.Object, java.lang.Object, java.lang.Object, java.lang.Object, java.lang.Object, int)'> (0x00000000c4f613e0) 
thrown [s\open\src\hotspot\share\interpreter\linkResolver.cpp, line 796]
Event: 4.828 Thread 0x000002375c73b780 Exception <a 'java/lang/NoSuchMethodError'{0x00000000c4e96d10}: 'void java.lang.invoke.DirectMethodHandle$Holder.invokeSpecial(java.lang.Object, java.lang.Object, java.lang.Object, java.lang.Object, java.lang.Object)'> (0x00000000c4e96d10) 
thrown [s\open\src\hotspot\share\interpreter\linkResolver.cpp, line 796]
Event: 4.844 Thread 0x00000237462a02e0 Exception <a 'java/lang/NoSuchMethodError'{0x00000000c4edcae8}: 'long java.lang.invoke.DirectMethodHandle$Holder.invokeVirtual(java.lang.Object, java.lang.Object)'> (0x00000000c4edcae8) 
thrown [s\open\src\hotspot\share\interpreter\linkResolver.cpp, line 796]
Event: 4.845 Thread 0x00000237462a02e0 Exception <a 'java/lang/NoSuchMethodError'{0x00000000c4ee00e0}: 'long java.lang.invoke.DelegatingMethodHandle$Holder.reinvoke_L(java.lang.Object, java.lang.Object)'> (0x00000000c4ee00e0) 
thrown [s\open\src\hotspot\share\interpreter\linkResolver.cpp, line 796]
Event: 4.878 Thread 0x000002375c73b780 Exception <a 'java/lang/NoSuchMethodError'{0x00000000c4dd42c0}: 'java.lang.Object java.lang.invoke.DirectMethodHandle$Holder.invokeSpecial(java.lang.Object, java.lang.Object, java.lang.Object, int, java.lang.Object)'> (0x00000000c4dd42c0) 
thrown [s\open\src\hotspot\share\interpreter\linkResolver.cpp, line 796]
Event: 4.879 Thread 0x000002375c73b780 Exception <a 'java/lang/NoSuchMethodError'{0x00000000c4ddbcb0}: 'java.lang.Object java.lang.invoke.DirectMethodHandle$Holder.newInvokeSpecial(java.lang.Object, java.lang.Object, java.lang.Object, int, java.lang.Object)'> (0x00000000c4ddbcb0) 
thrown [s\open\src\hotspot\share\interpreter\linkResolver.cpp, line 796]
Event: 4.879 Thread 0x000002375c73b780 Exception <a 'java/lang/NoSuchMethodError'{0x00000000c4de32a8}: 'java.lang.Object java.lang.invoke.Invokers$Holder.linkToTargetMethod(java.lang.Object, java.lang.Object, int, java.lang.Object, java.lang.Object)'> (0x00000000c4de32a8) 
thrown [s\open\src\hotspot\share\interpreter\linkResolver.cpp, line 796]
Event: 4.880 Thread 0x000002375c73b780 Exception <a 'java/lang/NoSuchMethodError'{0x00000000c4de9e68}: 'int java.lang.invoke.DirectMethodHandle$Holder.invokeStatic(java.lang.Object, int, java.lang.Object, java.lang.Object)'> (0x00000000c4de9e68) 
thrown [s\open\src\hotspot\share\interpreter\linkResolver.cpp, line 796]
Event: 4.881 Thread 0x000002375c73b780 Exception <a 'java/lang/NoSuchMethodError'{0x00000000c4df0c90}: 'java.lang.Object java.lang.invoke.DirectMethodHandle$Holder.newInvokeSpecial(java.lang.Object, int, java.lang.Object)'> (0x00000000c4df0c90) 
thrown [s\open\src\hotspot\share\interpreter\linkResolver.cpp, line 796]
Event: 4.882 Thread 0x000002375c73b780 Exception <a 'java/lang/NoSuchMethodError'{0x00000000c4df4a18}: 'int java.lang.invoke.DirectMethodHandle$Holder.invokeSpecialIFC(java.lang.Object, java.lang.Object, java.lang.Object, java.lang.Object)'> (0x00000000c4df4a18) 
thrown [s\open\src\hotspot\share\interpreter\linkResolver.cpp, line 796]
Event: 4.918 Thread 0x000002375c73b780 Exception <a 'java/lang/NoSuchMethodError'{0x00000000c4bc7b48}: 'void java.lang.invoke.DirectMethodHandle$Holder.invokeInterface(java.lang.Object, java.lang.Object, java.lang.Object)'> (0x00000000c4bc7b48) 
thrown [s\open\src\hotspot\share\interpreter\linkResolver.cpp, line 796]
Event: 4.944 Thread 0x000002375c73b780 Exception <a 'java/lang/NoSuchMethodError'{0x00000000c4a42380}: 'java.lang.Object java.lang.invoke.DirectMethodHandle$Holder.invokeVirtual(java.lang.Object, java.lang.Object, java.lang.Object)'> (0x00000000c4a42380) 
thrown [s\open\src\hotspot\share\interpreter\linkResolver.cpp, line 796]
Event: 4.983 Thread 0x000002375c73b780 Exception <a 'java/lang/NoSuchMethodError'{0x00000000c493fba8}: 'void java.lang.invoke.DirectMethodHandle$Holder.invokeStatic(java.lang.Object, java.lang.Object, int)'> (0x00000000c493fba8) 
thrown [s\open\src\hotspot\share\interpreter\linkResolver.cpp, line 796]
Event: 4.988 Thread 0x000002375c73b780 Exception <a 'java/lang/NoSuchMethodError'{0x00000000c494f1b0}: 'void java.lang.invoke.DirectMethodHandle$Holder.invokeStaticInit(java.lang.Object, java.lang.Object, java.lang.Object)'> (0x00000000c494f1b0) 
thrown [s\open\src\hotspot\share\interpreter\linkResolver.cpp, line 796]
Event: 5.015 Thread 0x000002375c73b780 Exception <a 'java/lang/NoSuchMethodError'{0x00000000c49f6870}: 'void java.lang.invoke.DirectMethodHandle$Holder.invokeVirtual(java.lang.Object, java.lang.Object, java.lang.Object, java.lang.Object)'> (0x00000000c49f6870) 
thrown [s\open\src\hotspot\share\interpreter\linkResolver.cpp, line 796]
Event: 5.094 Thread 0x00000237466b2d70 Exception <a 'java/lang/NoClassDefFoundError'{0x00000000c47dd720}: jakarta/validation/Validation> (0x00000000c47dd720) 
thrown [s\open\src\hotspot\share\classfile\systemDictionary.cpp, line 302]
Event: 5.096 Thread 0x000002375c73b780 Exception <a 'java/lang/NoSuchMethodError'{0x00000000c47be548}: 'java.lang.reflect.Field[] java.lang.Class.getDeclaredFields(java.lang.Class)'> (0x00000000c47be548) 
thrown [s\open\src\hotspot\share\interpreter\linkResolver.cpp, line 796]
Event: 5.097 Thread 0x000002375c73b780 Exception <a 'java/lang/NoSuchMethodError'{0x00000000c47c2e98}: 'java.lang.Object java.lang.invoke.DirectMethodHandle$Holder.invokeStatic(java.lang.Object, java.lang.Object, int)'> (0x00000000c47c2e98) 
thrown [s\open\src\hotspot\share\interpreter\linkResolver.cpp, line 796]
Event: 5.099 Thread 0x000002375c73b780 Exception <a 'java/lang/NoSuchMethodError'{0x00000000c46069e0}: 'void java.lang.invoke.DelegatingMethodHandle$Holder.delegate(java.lang.Object, java.lang.Object, int, java.lang.Object)'> (0x00000000c46069e0) 
thrown [s\open\src\hotspot\share\interpreter\linkResolver.cpp, line 796]
Event: 5.119 Thread 0x000002375c73b780 Exception <a 'java/lang/IncompatibleClassChangeError'{0x00000000c452c408}: Found class java.lang.Object, but interface was expected> (0x00000000c452c408) 
thrown [s\open\src\hotspot\share\interpreter\linkResolver.cpp, line 863]

VM Operations (20 events):
Event: 3.580 Executing VM operation: HandshakeAllThreads (Deoptimize)
Event: 3.580 Executing VM operation: HandshakeAllThreads (Deoptimize) done
Event: 3.581 Executing VM operation: HandshakeAllThreads (Deoptimize)
Event: 3.582 Executing VM operation: HandshakeAllThreads (Deoptimize) done
Event: 3.595 Executing VM operation: HandshakeAllThreads (Deoptimize)
Event: 3.596 Executing VM operation: HandshakeAllThreads (Deoptimize) done
Event: 4.292 Executing VM operation: G1CollectForAllocation (G1 Evacuation Pause)
Event: 4.304 Executing VM operation: G1CollectForAllocation (G1 Evacuation Pause) done
Event: 4.425 Executing VM operation: HandshakeAllThreads (Deoptimize)
Event: 4.425 Executing VM operation: HandshakeAllThreads (Deoptimize) done
Event: 4.841 Executing VM operation: HandshakeAllThreads (Deoptimize)
Event: 4.841 Executing VM operation: HandshakeAllThreads (Deoptimize) done
Event: 5.082 Executing VM operation: HandshakeAllThreads (Deoptimize)
Event: 5.082 Executing VM operation: HandshakeAllThreads (Deoptimize) done
Event: 5.387 Executing VM operation: G1CollectForAllocation (G1 Evacuation Pause)
Event: 5.398 Executing VM operation: G1CollectForAllocation (G1 Evacuation Pause) done
Event: 5.548 Executing VM operation: HandshakeAllThreads (Deoptimize)
Event: 5.548 Executing VM operation: HandshakeAllThreads (Deoptimize) done
Event: 5.626 Executing VM operation: HandshakeAllThreads (Deoptimize)
Event: 5.626 Executing VM operation: HandshakeAllThreads (Deoptimize) done

Memory protections (0 events):
No events

Nmethod flushes (0 events):
No events

Events (20 events):
Event: 0.215 Thread 0x000002375c73b780 Thread added: 0x00000237411389a0
Event: 0.566 Thread 0x000002375c73b780 Thread added: 0x0000023741238d40
Event: 0.728 Thread 0x00000237411389a0 Thread added: 0x00000237412abd40
Event: 1.920 Thread 0x000002375c73b780 Thread added: 0x00000237415da9f0
Event: 1.921 Thread 0x000002375c73b780 Thread added: 0x00000237415dd910
Event: 3.399 Thread 0x000002375c73b780 Thread added: 0x000002374619acd0
Event: 3.485 Thread 0x000002374619acd0 Thread added: 0x000002374627ce80
Event: 3.491 Thread 0x000002374619acd0 Thread added: 0x00000237462a02e0
Event: 3.555 Thread 0x00000237462a02e0 Thread added: 0x000002374631e350
Event: 3.568 Thread 0x000002374627ce80 Thread added: 0x0000023746303480
Event: 3.587 Thread 0x000002374627ce80 Thread added: 0x0000023746325270
Event: 3.707 Thread 0x000002374631e350 Thread exited: 0x000002374631e350
Event: 4.208 Thread 0x000002374627ce80 Thread added: 0x00000237466b4e40
Event: 4.217 Thread 0x00000237466b4e40 Thread exited: 0x00000237466b4e40
Event: 4.719 Thread 0x000002374627ce80 Thread added: 0x00000237466b3a90
Event: 4.728 Thread 0x00000237466b3a90 Thread exited: 0x00000237466b3a90
Event: 5.091 Thread 0x000002375c73b780 Thread added: 0x00000237466b2d70
Event: 5.229 Thread 0x00000237462a02e0 Thread added: 0x00000237466b3a90
Event: 5.237 Thread 0x00000237466b3a90 Thread exited: 0x00000237466b3a90
Event: 5.481 Thread 0x00000237411389a0 Thread added: 0x0000023746f40b40


Dynamic libraries:
0x00007ff64c360000 - 0x00007ff64c36e000 	C:\Users\ICS\.jdks\openjdk-23.0.1\bin\java.exe
0x00007ffae5cb0000 - 0x00007ffae5ea8000 	C:\Windows\SYSTEM32\ntdll.dll
0x00007ffae5430000 - 0x00007ffae54f2000 	C:\Windows\System32\KERNEL32.DLL
0x00007ffae3770000 - 0x00007ffae3a6e000 	C:\Windows\System32\KERNELBASE.dll
0x00007ffae3580000 - 0x00007ffae3680000 	C:\Windows\System32\ucrtbase.dll
0x00007ffab6490000 - 0x00007ffab64ab000 	C:\Users\ICS\.jdks\openjdk-23.0.1\bin\VCRUNTIME140.dll
0x00007ffabdd70000 - 0x00007ffabdd87000 	C:\Users\ICS\.jdks\openjdk-23.0.1\bin\jli.dll
0x00007ffae45d0000 - 0x00007ffae476d000 	C:\Windows\System32\USER32.dll
0x00007ffae34b0000 - 0x00007ffae34d2000 	C:\Windows\System32\win32u.dll
0x00007ffae47e0000 - 0x00007ffae480b000 	C:\Windows\System32\GDI32.dll
0x00007ffae3b00000 - 0x00007ffae3c17000 	C:\Windows\System32\gdi32full.dll
0x00007ffac8220000 - 0x00007ffac84ba000 	C:\Windows\WinSxS\amd64_microsoft.windows.common-controls_6595b64144ccf1df_6.0.19041.4355_none_60b8b9eb71f62e16\COMCTL32.dll
0x00007ffae34e0000 - 0x00007ffae357d000 	C:\Windows\System32\msvcp_win.dll
0x00007ffae57b0000 - 0x00007ffae584e000 	C:\Windows\System32\msvcrt.dll
0x00007ffae55b0000 - 0x00007ffae55df000 	C:\Windows\System32\IMM32.DLL
0x00007ffade920000 - 0x00007ffade92c000 	C:\Users\ICS\.jdks\openjdk-23.0.1\bin\vcruntime140_1.dll
0x00007ffaa5bd0000 - 0x00007ffaa5c5e000 	C:\Users\ICS\.jdks\openjdk-23.0.1\bin\msvcp140.dll
0x00007ffa87700000 - 0x00007ffa8844f000 	C:\Users\ICS\.jdks\openjdk-23.0.1\bin\server\jvm.dll
0x00007ffae5850000 - 0x00007ffae5901000 	C:\Windows\System32\ADVAPI32.dll
0x00007ffae5510000 - 0x00007ffae55af000 	C:\Windows\System32\sechost.dll
0x00007ffae5b40000 - 0x00007ffae5c63000 	C:\Windows\System32\RPCRT4.dll
0x00007ffae36d0000 - 0x00007ffae36f7000 	C:\Windows\System32\bcrypt.dll
0x00007ffae5120000 - 0x00007ffae518b000 	C:\Windows\System32\WS2_32.dll
0x00007ffae31b0000 - 0x00007ffae31fb000 	C:\Windows\SYSTEM32\POWRPROF.dll
0x00007ffadbd80000 - 0x00007ffadbd8a000 	C:\Windows\SYSTEM32\VERSION.dll
0x00007ffaccfe0000 - 0x00007ffacd007000 	C:\Windows\SYSTEM32\WINMM.dll
0x00007ffae30e0000 - 0x00007ffae30f2000 	C:\Windows\SYSTEM32\UMPDC.dll
0x00007ffae1b70000 - 0x00007ffae1b82000 	C:\Windows\SYSTEM32\kernel.appcore.dll
0x00007ffabfc60000 - 0x00007ffabfc6a000 	C:\Users\ICS\.jdks\openjdk-23.0.1\bin\jimage.dll
0x00007ffae10b0000 - 0x00007ffae1294000 	C:\Windows\SYSTEM32\DBGHELP.DLL
0x00007ffac9b40000 - 0x00007ffac9b74000 	C:\Windows\SYSTEM32\dbgcore.DLL
0x00007ffae3a70000 - 0x00007ffae3af2000 	C:\Windows\System32\bcryptPrimitives.dll
0x00007ffac2410000 - 0x00007ffac241f000 	C:\Users\ICS\.jdks\openjdk-23.0.1\bin\instrument.dll
0x00007ffab6310000 - 0x00007ffab632e000 	C:\Users\ICS\.jdks\openjdk-23.0.1\bin\java.dll
0x00007ffae5250000 - 0x00007ffae537b000 	C:\Windows\System32\ole32.dll
0x00007ffae4950000 - 0x00007ffae4ca3000 	C:\Windows\System32\combase.dll
0x00007ffae3d80000 - 0x00007ffae44ed000 	C:\Windows\System32\SHELL32.dll
0x00007ffae12a0000 - 0x00007ffae1a44000 	C:\Windows\SYSTEM32\windows.storage.dll
0x00007ffae2cb0000 - 0x00007ffae2cde000 	C:\Windows\SYSTEM32\Wldp.dll
0x00007ffae4870000 - 0x00007ffae493d000 	C:\Windows\System32\OLEAUT32.dll
0x00007ffae3cd0000 - 0x00007ffae3d7d000 	C:\Windows\System32\SHCORE.dll
0x00007ffae4780000 - 0x00007ffae47d5000 	C:\Windows\System32\shlwapi.dll
0x00007ffae3280000 - 0x00007ffae32a4000 	C:\Windows\SYSTEM32\profapi.dll
0x00007ffac9130000 - 0x00007ffac9147000 	C:\Users\ICS\.jdks\openjdk-23.0.1\bin\zip.dll
0x00007ffabf250000 - 0x00007ffabf260000 	C:\Users\ICS\.jdks\openjdk-23.0.1\bin\net.dll
0x00007ffae2a10000 - 0x00007ffae2a7a000 	C:\Windows\system32\mswsock.dll
0x00007ffab0580000 - 0x00007ffab0596000 	C:\Users\ICS\.jdks\openjdk-23.0.1\bin\nio.dll
0x00007ffab64c0000 - 0x00007ffab64da000 	C:\Program Files\JetBrains\IntelliJ IDEA 2024.3.1\bin\breakgen64.dll
0x00007ffae2730000 - 0x00007ffae27fa000 	C:\Windows\SYSTEM32\DNSAPI.dll
0x00007ffae26f0000 - 0x00007ffae272b000 	C:\Windows\SYSTEM32\IPHLPAPI.DLL
0x00007ffae4770000 - 0x00007ffae4778000 	C:\Windows\System32\NSI.dll
0x00007ffacded0000 - 0x00007ffacdeda000 	C:\Windows\System32\rasadhlp.dll
0x00007ffab94b0000 - 0x00007ffab94b9000 	C:\Users\ICS\.jdks\openjdk-23.0.1\bin\extnet.dll
0x00007fface270000 - 0x00007fface2f0000 	C:\Windows\System32\fwpuclnt.dll
0x00007ffab8380000 - 0x00007ffab838a000 	C:\Users\ICS\.jdks\openjdk-23.0.1\bin\management.dll
0x00007ffab72a0000 - 0x00007ffab72ab000 	C:\Users\ICS\.jdks\openjdk-23.0.1\bin\management_ext.dll
0x00007ffae4940000 - 0x00007ffae4948000 	C:\Windows\System32\PSAPI.DLL
0x00007ffae2c00000 - 0x00007ffae2c18000 	C:\Windows\SYSTEM32\CRYPTSP.dll
0x00007ffae2330000 - 0x00007ffae2364000 	C:\Windows\system32\rsaenh.dll
0x00007ffae3240000 - 0x00007ffae326e000 	C:\Windows\SYSTEM32\USERENV.dll
0x00007ffae2c20000 - 0x00007ffae2c2c000 	C:\Windows\SYSTEM32\CRYPTBASE.dll
0x00007ffab8070000 - 0x00007ffab8087000 	C:\Windows\system32\napinsp.dll
0x00007ffab7fc0000 - 0x00007ffab7fdb000 	C:\Windows\system32\pnrpnsp.dll
0x00007ffadff30000 - 0x00007ffadff45000 	C:\Windows\system32\wshbth.dll
0x00007ffadcf60000 - 0x00007ffadcf7d000 	C:\Windows\system32\NLAapi.dll
0x00007ffab7fa0000 - 0x00007ffab7fb2000 	C:\Windows\System32\winrnr.dll
0x00007ffab9b80000 - 0x00007ffab9bd1000 	C:\Windows\SYSTEM32\pdh.dll
0x00007ffae0510000 - 0x00007ffae051f000 	C:\Windows\System32\perfproc.dll
0x00007ffac8d30000 - 0x00007ffac8d3f000 	C:\Windows\System32\perfos.dll

dbghelp: loaded successfully - version: 4.0.5 - missing functions: none
symbol engine: initialized successfully - sym options: 0x614 - pdb path: .;C:\Users\ICS\.jdks\openjdk-23.0.1\bin;C:\Windows\SYSTEM32;C:\Windows\WinSxS\amd64_microsoft.windows.common-controls_6595b64144ccf1df_6.0.19041.4355_none_60b8b9eb71f62e16;C:\Users\ICS\.jdks\openjdk-23.0.1\bin\server;C:\Program Files\JetBrains\IntelliJ IDEA 2024.3.1\bin

VM Arguments:
jvm_args: -XX:TieredStopAtLevel=1 -Dspring.output.ansi.enabled=always -Dcom.sun.management.jmxremote -Dspring.jmx.enabled=true -Dspring.liveBeansView.mbeanDomain -Dspring.application.admin.enabled=true -Dmanagement.endpoints.jmx.exposure.include=* -javaagent:C:\Program Files\JetBrains\IntelliJ IDEA 2024.3.1\lib\idea_rt.jar=51272:C:\Program Files\JetBrains\IntelliJ IDEA 2024.3.1\bin -Dfile.encoding=UTF-8 -Dsun.stdout.encoding=UTF-8 -Dsun.stderr.encoding=UTF-8 
java_command: com.l.libsys.LibsysApplication
java_class_path (initial): D:\libsys\target\classes;C:\Users\ICS\.m2\repository\org\springframework\boot\spring-boot-starter-web\3.4.1\spring-boot-starter-web-3.4.1.jar;C:\Users\ICS\.m2\repository\org\springframework\boot\spring-boot-starter\3.4.1\spring-boot-starter-3.4.1.jar;C:\Users\ICS\.m2\repository\org\springframework\boot\spring-boot\3.4.1\spring-boot-3.4.1.jar;C:\Users\ICS\.m2\repository\org\springframework\boot\spring-boot-autoconfigure\3.4.1\spring-boot-autoconfigure-3.4.1.jar;C:\Users\ICS\.m2\repository\org\springframework\boot\spring-boot-starter-logging\3.4.1\spring-boot-starter-logging-3.4.1.jar;C:\Users\ICS\.m2\repository\ch\qos\logback\logback-classic\1.5.12\logback-classic-1.5.12.jar;C:\Users\ICS\.m2\repository\ch\qos\logback\logback-core\1.5.12\logback-core-1.5.12.jar;C:\Users\ICS\.m2\repository\org\apache\logging\log4j\log4j-to-slf4j\2.24.3\log4j-to-slf4j-2.24.3.jar;C:\Users\ICS\.m2\repository\org\apache\logging\log4j\log4j-api\2.24.3\log4j-api-2.24.3.jar;C:\Users\ICS\.m2\repository\org\slf4j\jul-to-slf4j\2.0.16\jul-to-slf4j-2.0.16.jar;C:\Users\ICS\.m2\repository\jakarta\annotation\jakarta.annotation-api\2.1.1\jakarta.annotation-api-2.1.1.jar;C:\Users\ICS\.m2\repository\org\yaml\snakeyaml\2.3\snakeyaml-2.3.jar;C:\Users\ICS\.m2\repository\org\springframework\boot\spring-boot-starter-json\3.4.1\spring-boot-starter-json-3.4.1.jar;C:\Users\ICS\.m2\repository\com\fasterxml\jackson\core\jackson-databind\2.18.2\jackson-databind-2.18.2.jar;C:\Users\ICS\.m2\repository\com\fasterxml\jackson\core\jackson-annotations\2.18.2\jackson-annotations-2.18.2.jar;C:\Users\ICS\.m2\repository\com\fasterxml\jackson\core\jackson-core\2.18.2\jackson-core-2.18.2.jar;C:\Users\ICS\.m2\repository\com\fasterxml\jackson\datatype\jackson-datatype-jdk8\2.18.2\jackson-datatype-jdk8-2.18.2.jar;C:\Users\ICS\.m2\repository\com\fasterxml\jackson\datatype\jackson-datatype-jsr310\2.18.2\jackson-datatype-jsr310-2.18.2.jar;C:\Users\ICS\.m2\repository\com\fasterxml\jackson\module\jackson-module-parameter-names\2.18.2\jackson-module-parameter-names-2.18.2.jar;C:\Users\ICS\.m2\repository\org\springframework\boot\spring-boot-starter-tomcat\3.4.1\spring-boot-starter-tomcat-3.4.1.jar;C:\Users\ICS\.m2\repository\org\apache\tomcat\embed\tomcat-embed-core\10.1.34\tomcat-embed-core-10.1.34.jar;C:\Users\ICS\.m2\repository\org\apache\tomcat\embed\tomcat-embed-el\10.1.34\tomcat-embed-el-10.1.34.jar;C:\Users\ICS\.m2\repository\org\apache\tomcat\embed\tomcat-embed-websocket\10.1.34\tomcat-embed-websocket-10.1.34.jar;C:\Users\ICS\.m2\repository\org\springframework\spring-web\6.2.1\spring-web-6.2.1.jar;C:\Users\ICS\.m2\repository\org\springframework\spring-beans\6.2.1\spring-beans-6.2.1.jar;C:\Users\ICS\.m2\repository\io\micrometer\micrometer-observation\1.14.2\micrometer-observation-1.14.2.jar;C:\Users\ICS\.m2\repository\io\micrometer\micrometer-commons\1.14.2\micrometer-commons-1.14.2.jar;C:\Users\ICS\.m2\repository\org\springframework\spring-webmvc\6.2.1\spring-webmvc-6.2.1.jar;C:\Users\ICS\.m2\repository\org\springframework\spring-aop\6.2.1\spring-aop-6.2.1.jar;C:\Users\ICS\.m2\repository\org\springframework\spring-context\6.2.1\spring-context-6.2.1.jar;C:\Users\ICS\.m2\repository\org\springframework\spring-expression\6.2.1\spring-expression-6.2.1.jar;C:\Users\ICS\.m2\repository\org\slf4j\slf4j-api\2.0.16\slf4j-api-2.0.16.jar;C:\Users\ICS\.m2\repository\jakarta\xml\bind\jakarta.xml.bind-api\4.0.2\jakarta.xml.bind-api-4.0.2.jar;C:\Users\ICS\.m2\repository\jakarta\activation\jakarta.activation-api\2.1.3\jakarta.activation-api-2.1.3.jar;C:\Users\ICS\.m2\repository\net\bytebuddy\byte-buddy\1.15.11\byte-buddy-1.15.11.jar;C:\Users\ICS\.m2\repository\org\springframework\spring-core\6.2.1\spring-core-6.2.1.jar;C:\Users\ICS\.m2\repository\org\springframework\spring-jcl\6.2.1\spring-jcl-6.2.1.jar;C:\Users\ICS\.m2\repository\org\springframework\boot\spring-boot-starter-data-jpa\3.4.1\spring-boot-starter-data-jpa-3.4.1.jar;C:\Users\ICS\.m2\repository\org\springframework\boot\spring-boot-starter-jdbc\3.4.1\spring-boot-starter-jdbc-3.4.1.jar;C:\Users\ICS\.m2\repository\com\zaxxer\HikariCP\5.1.0\HikariCP-5.1.0.jar;C:\Users\ICS\.m2\repository\org\springframework\spring-jdbc\6.2.1\spring-jdbc-6.2.1.jar;C:\Users\ICS\.m2\repository\org\hibernate\orm\hibernate-core\6.6.4.Final\hibernate-core-6.6.4.Final.jar;C:\Users\ICS\.m2\repository\jakarta\persistence\jakarta.persistence-api\3.1.0\jakarta.persistence-api-3.1.0.jar;C:\Users\ICS\.m2\repository\jakarta\transaction\jakarta.transaction-api\2.0.1\jakarta.transaction-api-2.0.1.jar;C:\Users\ICS\.m2\repository\org\jboss\logging\jboss-logging\3.6.1.Final\jboss-logging-3.6.1.Final.jar;C:\Users\ICS\.m2\repository\org\hibernate\common\hibernate-commons-annotations\7.0.3.Final\hibernate-commons-annotations-7.0.3.Final.jar;C:\Users\ICS\.m2\repository\io\smallrye\jandex\3.2.0\jandex-3.2.0.jar;C:\Users\ICS\.m2\repository\com\fasterxml\classmate\1.7.0\classmate-1.7.0.jar;C:\Users\ICS\.m2\repository\org\glassfish\jaxb\jaxb-runtime\4.0.5\jaxb-runtime-4.0.5.jar;C:\Users\ICS\.m2\repository\org\glassfish\jaxb\jaxb-core\4.0.5\jaxb-core-4.0.5.jar;C:\Users\ICS\.m2\repository\org\eclipse\angus\angus-activation\2.0.2\angus-activation-2.0.2.jar;C:\Users\ICS\.m2\repository\org\glassfish\jaxb\txw2\4.0.5\txw2-4.0.5.jar;C:\Users\ICS\.m2\repository\com\sun\istack\istack-commons-runtime\4.1.2\istack-commons-runtime-4.1.2.jar;C:\Users\ICS\.m2\repository\jakarta\inject\jakarta.inject-api\2.0.1\jakarta.inject-api-2.0.1.jar;C:\Users\ICS\.m2\repository\org\antlr\antlr4-runtime\4.13.0\antlr4-runtime-4.13.0.jar;C:\Users\ICS\.m2\repository\org\springframework\data\spring-data-jpa\3.4.1\spring-data-jpa-3.4.1.jar;C:\Users\ICS\.m2\repository\org\springframework\data\spring-data-commons\3.4.1\spring-data-commons-3.4.1.jar;C:\Users\ICS\.m2\repository\org\springframework\spring-orm\6.2.1\spring-orm-6.2.1.jar;C:\Users\ICS\.m2\repository\org\springframework\spring-tx\6.2.1\spring-tx-6.2.1.jar;C:\Users\ICS\.m2\repository\org\springframework\spring-aspects\6.2.1\spring-aspects-6.2.1.jar;C:\Users\ICS\.m2\repository\org\aspectj\aspectjweaver\1.9.22.1\aspectjweaver-1.9.22.1.jar;C:\Users\ICS\.m2\repository\com\mysql\mysql-connector-j\9.1.0\mysql-connector-j-9.1.0.jar;C:\Users\ICS\.m2\repository\org\projectlombok\lombok\1.18.36\lombok-1.18.36.jar
Launcher Type: SUN_STANDARD

[Global flags]
     intx CICompilerCount                          = 3                                         {product} {ergonomic}
     uint ConcGCThreads                            = 1                                         {product} {ergonomic}
     uint G1ConcRefinementThreads                  = 4                                         {product} {ergonomic}
   size_t G1HeapRegionSize                         = 1048576                                   {product} {ergonomic}
   size_t InitialHeapSize                          = 67108864                                  {product} {ergonomic}
     bool ManagementServer                         = true                                      {product} {command line}
   size_t MarkStackSize                            = 4194304                                   {product} {ergonomic}
   size_t MarkStackSizeMax                         = 536870912                                 {product} {ergonomic}
   size_t MaxHeapSize                              = 1048576000                                {product} {ergonomic}
   size_t MaxNewSize                               = 629145600                                 {product} {ergonomic}
   size_t MinHeapDeltaBytes                        = 1048576                                   {product} {ergonomic}
   size_t MinHeapSize                              = 8388608                                   {product} {ergonomic}
    uintx NonNMethodCodeHeapSize                   = 4096                                   {pd product} {ergonomic}
    uintx NonProfiledCodeHeapSize                  = 0                                      {pd product} {ergonomic}
     bool ProfileInterpreter                       = false                                  {pd product} {command line}
    uintx ProfiledCodeHeapSize                     = 0                                      {pd product} {ergonomic}
   size_t SoftMaxHeapSize                          = 1048576000                             {manageable} {ergonomic}
     intx TieredStopAtLevel                        = 1                                         {product} {command line}
     bool UseCompressedOops                        = true                           {product lp64_product} {ergonomic}
     bool UseG1GC                                  = true                                      {product} {ergonomic}
     bool UseLargePagesIndividualAllocation        = false                                  {pd product} {ergonomic}

Logging:
Log output configuration:
 #0: stdout all=warning uptime,level,tags foldmultilines=false
 #1: stderr all=off uptime,level,tags foldmultilines=false

Environment Variables:
JAVA_HOME=C:\Program Files\Java\jdk-22
PATH=C:\Python312\Scripts\;C:\Python312\;C:\Program Files\Common Files\Oracle\Java\javapath;C:\Windows\system32;C:\Windows;C:\Windows\System32\Wbem;C:\Windows\System32\WindowsPowerShell\v1.0\;C:\Windows\System32\OpenSSH\;C:\ProgramData\chocolatey\bin;C:\Program Files\Java\jdk-22\bin;C:\Program Files\nodejs\;C:\Program Files\Git\cmd;C:\Users\ICS\AppData\Local\Programs\Python\Python313\Scripts\;C:\Users\ICS\AppData\Local\Programs\Python\Python313\;C:\Users\ICS\AppData\Local\Microsoft\WindowsApps;C:\Users\ICS\AppData\Local\Programs\Microsoft VS Code\bin;C:\flutter\bin;C:\Program Files\nodejs;C:\Users\ICS\AppData\Local\Programs\Python\Python313;C:\Users\ICS\AppData\Local\Programs\Python\Python313\Scripts;C:\Users\ICS\AppData\Roaming\npm;C:\Program Files\JetBrains\IntelliJ IDEA 2024.3.1\bin;
USERNAME=ICS
OS=Windows_NT
PROCESSOR_IDENTIFIER=Intel64 Family 6 Model 142 Stepping 9, GenuineIntel
TMP=C:\Users\ICS\AppData\Local\Temp
TEMP=C:\Users\ICS\AppData\Local\Temp




Periodic native trim disabled

---------------  S Y S T E M  ---------------

OS:
 Windows 10 , 64 bit Build 19041 (10.0.19041.5198)
OS uptime: 4 days 8:47 hours

CPU: total 4 (initial active 4) (2 cores per cpu, 2 threads per core) family 6 model 142 stepping 9 microcode 0xf0, cx8, cmov, fxsr, ht, mmx, 3dnowpref, sse, sse2, sse3, ssse3, sse4.1, sse4.2, popcnt, lzcnt, tsc, tscinvbit, avx, avx2, aes, erms, clmul, bmi1, bmi2, adx, fma, vzeroupper, clflush, clflushopt, rdtscp, f16c
Processor Information for the first 4 processors :
  Max Mhz: 2300, Current Mhz: 2300, Mhz Limit: 2300

Memory: 4k page, system-wide physical 3998M (351M free)
TotalPageFile size 16286M (AvailPageFile size 151M)
current process WorkingSet (physical memory assigned to process): 116M, peak: 116M
current process commit charge ("private bytes"): 174M, peak: 174M

vm_info: OpenJDK 64-Bit Server VM (23.0.1+11-39) for windows-amd64 JRE (23.0.1+11-39), built on 2024-09-30T07:20:43Z with MS VC++ 17.6 (VS2022)

END.
